2025-11-28 08:01:33 - INFO - HTTP Request: GET https://accounts.google.com/.well-known/openid-configuration "HTTP/1.1 200 OK"
2025-11-28 08:01:49 - INFO - HTTP Request: POST https://oauth2.googleapis.com/token "HTTP/1.1 200 OK"
2025-11-28 08:01:49 - INFO - HTTP Request: GET https://www.googleapis.com/oauth2/v3/certs "HTTP/1.1 200 OK"
2025-11-28 08:01:49 - INFO - Пользователь успешно добавлен с ID: 21
2025-11-28 08:01:49 - INFO - Сессия добавлена
2025-11-28 08:08:09 - INFO - HTTP Request: GET https://accounts.google.com/.well-known/openid-configuration "HTTP/1.1 200 OK"
2025-11-28 08:09:01 - INFO - HTTP Request: GET https://accounts.google.com/.well-known/openid-configuration "HTTP/1.1 200 OK"
2025-11-28 08:09:03 - INFO - HTTP Request: POST https://oauth2.googleapis.com/token "HTTP/1.1 200 OK"
2025-11-28 08:09:03 - INFO - HTTP Request: GET https://www.googleapis.com/oauth2/v3/certs "HTTP/1.1 200 OK"
2025-11-28 08:09:16 - INFO - HTTP Request: POST https://oauth2.googleapis.com/token "HTTP/1.1 200 OK"
2025-11-28 08:09:16 - INFO - Пользователь успешно добавлен с ID: 22
2025-11-28 08:09:16 - INFO - Сессия добавлена
2025-11-28 08:18:58 - INFO - HTTP Request: GET https://accounts.google.com/.well-known/openid-configuration "HTTP/1.1 200 OK"
2025-11-28 08:19:00 - INFO - HTTP Request: POST https://oauth2.googleapis.com/token "HTTP/1.1 200 OK"
2025-11-28 08:19:00 - INFO - HTTP Request: GET https://www.googleapis.com/oauth2/v3/certs "HTTP/1.1 200 OK"
2025-11-28 08:19:00 - INFO - Пользователь успешно добавлен с ID: 23
2025-11-28 08:19:00 - INFO - Сессия добавлена
2025-11-28 08:23:03 - INFO - HTTP Request: GET https://accounts.google.com/.well-known/openid-configuration "HTTP/1.1 200 OK"
2025-11-28 08:23:05 - INFO - HTTP Request: POST https://oauth2.googleapis.com/token "HTTP/1.1 200 OK"
2025-11-28 08:23:05 - INFO - HTTP Request: GET https://www.googleapis.com/oauth2/v3/certs "HTTP/1.1 200 OK"
2025-11-28 08:23:05 - INFO - Пользователь успешно добавлен с ID: 24
2025-11-28 08:23:05 - INFO - Сессия добавлена
2025-11-28 08:38:49 - INFO - HTTP Request: GET https://accounts.google.com/.well-known/openid-configuration "HTTP/1.1 200 OK"
2025-11-28 08:38:50 - INFO - HTTP Request: GET https://accounts.google.com/.well-known/openid-configuration "HTTP/1.1 200 OK"
2025-11-28 08:38:51 - INFO - HTTP Request: POST https://oauth2.googleapis.com/token "HTTP/1.1 200 OK"
2025-11-28 08:38:51 - INFO - HTTP Request: GET https://www.googleapis.com/oauth2/v3/certs "HTTP/1.1 200 OK"
2025-11-28 08:38:51 - INFO - Пользователь успешно добавлен с ID: 25
2025-11-28 08:38:51 - INFO - Сессия добавлена
2025-11-28 08:51:54 - INFO - HTTP Request: GET https://accounts.google.com/.well-known/openid-configuration "HTTP/1.1 200 OK"
2025-11-28 08:51:56 - INFO - HTTP Request: POST https://oauth2.googleapis.com/token "HTTP/1.1 200 OK"
2025-11-28 08:51:56 - INFO - HTTP Request: GET https://www.googleapis.com/oauth2/v3/certs "HTTP/1.1 200 OK"
2025-11-28 08:52:39 - INFO - HTTP Request: GET https://accounts.google.com/.well-known/openid-configuration "HTTP/1.1 200 OK"
2025-11-28 08:52:40 - INFO - HTTP Request: POST https://oauth2.googleapis.com/token "HTTP/1.1 200 OK"
2025-11-28 08:52:41 - INFO - HTTP Request: GET https://www.googleapis.com/oauth2/v3/certs "HTTP/1.1 200 OK"
2025-11-28 09:01:41 - INFO - HTTP Request: GET https://accounts.google.com/.well-known/openid-configuration "HTTP/1.1 200 OK"
2025-11-28 09:02:00 - INFO - HTTP Request: POST https://oauth2.googleapis.com/token "HTTP/1.1 200 OK"
2025-11-28 09:02:01 - INFO - HTTP Request: GET https://www.googleapis.com/oauth2/v3/certs "HTTP/1.1 200 OK"
2025-11-28 09:02:01 - INFO - Пользователь успешно добавлен с ID: 26
2025-11-28 09:02:01 - INFO - Сессия добавлена
2025-11-28 09:03:20 - INFO - HTTP Request: GET https://accounts.google.com/.well-known/openid-configuration "HTTP/1.1 200 OK"
2025-11-28 09:03:21 - INFO - HTTP Request: POST https://oauth2.googleapis.com/token "HTTP/1.1 200 OK"
2025-11-28 09:03:22 - INFO - HTTP Request: GET https://www.googleapis.com/oauth2/v3/certs "HTTP/1.1 200 OK"
2025-11-28 09:04:19 - INFO - HTTP Request: GET https://accounts.google.com/.well-known/openid-configuration "HTTP/1.1 200 OK"
2025-11-28 09:04:21 - INFO - HTTP Request: POST https://oauth2.googleapis.com/token "HTTP/1.1 200 OK"
2025-11-28 09:04:21 - INFO - HTTP Request: GET https://www.googleapis.com/oauth2/v3/certs "HTTP/1.1 200 OK"
2025-11-28 09:04:23 - INFO - HTTP Request: POST https://oauth2.googleapis.com/token "HTTP/1.1 200 OK"
2025-11-28 09:04:24 - INFO - HTTP Request: POST https://oauth2.googleapis.com/token "HTTP/1.1 200 OK"
2025-11-28 09:04:26 - INFO - HTTP Request: POST https://oauth2.googleapis.com/token "HTTP/1.1 200 OK"
2025-11-28 09:04:27 - INFO - HTTP Request: POST https://oauth2.googleapis.com/token "HTTP/1.1 200 OK"
2025-11-28 09:04:55 - INFO - HTTP Request: POST https://oauth2.googleapis.com/token "HTTP/1.1 200 OK"
2025-11-28 09:04:55 - INFO - Пользователь успешно добавлен с ID: 27
2025-11-28 09:04:55 - INFO - Сессия добавлена
2025-11-28 09:05:22 - INFO - HTTP Request: POST https://oauth2.googleapis.com/token "HTTP/1.1 200 OK"
2025-11-28 09:05:23 - INFO - HTTP Request: POST https://oauth2.googleapis.com/token "HTTP/1.1 200 OK"
2025-11-28 09:05:24 - INFO - HTTP Request: POST https://oauth2.googleapis.com/token "HTTP/1.1 200 OK"
2025-11-28 09:05:26 - INFO - HTTP Request: POST https://oauth2.googleapis.com/token "HTTP/1.1 200 OK"
2025-11-28 09:05:27 - INFO - HTTP Request: POST https://oauth2.googleapis.com/token "HTTP/1.1 200 OK"
2025-11-28 09:07:13 - INFO - HTTP Request: GET https://accounts.google.com/.well-known/openid-configuration "HTTP/1.1 200 OK"
2025-11-28 09:07:14 - INFO - HTTP Request: POST https://oauth2.googleapis.com/token "HTTP/1.1 200 OK"
2025-11-28 09:07:14 - INFO - HTTP Request: GET https://www.googleapis.com/oauth2/v3/certs "HTTP/1.1 200 OK"
2025-11-28 09:07:14 - INFO - Пользователь успешно добавлен с ID: 28
2025-11-28 09:08:47 - INFO - HTTP Request: GET https://accounts.google.com/.well-known/openid-configuration "HTTP/1.1 200 OK"
2025-11-28 09:08:48 - INFO - HTTP Request: POST https://oauth2.googleapis.com/token "HTTP/1.1 200 OK"
2025-11-28 09:08:48 - INFO - HTTP Request: GET https://www.googleapis.com/oauth2/v3/certs "HTTP/1.1 200 OK"
2025-11-28 09:08:48 - INFO - Пользователь успешно добавлен с ID: 29
2025-11-28 09:08:48 - INFO - Сессия добавлена
2025-11-28 09:09:50 - INFO - HTTP Request: GET https://accounts.google.com/.well-known/openid-configuration "HTTP/1.1 200 OK"
2025-11-28 09:09:51 - INFO - HTTP Request: POST https://oauth2.googleapis.com/token "HTTP/1.1 200 OK"
2025-11-28 09:09:51 - INFO - HTTP Request: GET https://www.googleapis.com/oauth2/v3/certs "HTTP/1.1 200 OK"
2025-11-28 09:09:51 - INFO - Пользователь успешно добавлен с ID: 30
2025-11-28 09:09:51 - INFO - Сессия добавлена
2025-11-28 09:10:31 - INFO - HTTP Request: POST https://oauth2.googleapis.com/token "HTTP/1.1 200 OK"
2025-11-28 09:10:33 - INFO - HTTP Request: POST https://oauth2.googleapis.com/token "HTTP/1.1 200 OK"
2025-11-28 09:10:34 - INFO - HTTP Request: POST https://oauth2.googleapis.com/token "HTTP/1.1 200 OK"
2025-11-28 09:10:35 - INFO - HTTP Request: POST https://oauth2.googleapis.com/token "HTTP/1.1 200 OK"
2025-11-28 09:10:36 - INFO - HTTP Request: POST https://oauth2.googleapis.com/token "HTTP/1.1 200 OK"
2025-11-28 22:49:55 - INFO - HTTP Request: GET https://accounts.google.com/.well-known/openid-configuration "HTTP/1.1 200 OK"
2025-11-28 22:49:57 - INFO - HTTP Request: POST https://oauth2.googleapis.com/token "HTTP/1.1 200 OK"
2025-11-28 22:49:57 - INFO - HTTP Request: GET https://www.googleapis.com/oauth2/v3/certs "HTTP/1.1 200 OK"
2025-11-28 22:49:57 - INFO - Пользователь успешно добавлен
2025-11-28 22:52:43 - INFO - HTTP Request: GET https://accounts.google.com/.well-known/openid-configuration "HTTP/1.1 200 OK"
2025-11-28 22:52:44 - INFO - HTTP Request: POST https://oauth2.googleapis.com/token "HTTP/1.1 200 OK"
2025-11-28 22:52:45 - INFO - HTTP Request: GET https://www.googleapis.com/oauth2/v3/certs "HTTP/1.1 200 OK"
2025-11-28 22:52:45 - INFO - Пользователь успешно добавлен
2025-11-28 22:54:08 - INFO - HTTP Request: GET https://accounts.google.com/.well-known/openid-configuration "HTTP/1.1 200 OK"
2025-11-28 22:54:09 - INFO - HTTP Request: POST https://oauth2.googleapis.com/token "HTTP/1.1 200 OK"
2025-11-28 22:54:09 - INFO - HTTP Request: GET https://www.googleapis.com/oauth2/v3/certs "HTTP/1.1 200 OK"
2025-11-28 22:54:09 - INFO - Пользователь успешно добавлен
2025-11-28 22:54:09 - INFO - Сессия добавлена
2025-11-28 22:58:49 - INFO - HTTP Request: GET https://accounts.google.com/.well-known/openid-configuration "HTTP/1.1 200 OK"
2025-11-28 22:58:50 - INFO - HTTP Request: POST https://oauth2.googleapis.com/token "HTTP/1.1 200 OK"
2025-11-28 22:58:51 - INFO - HTTP Request: GET https://www.googleapis.com/oauth2/v3/certs "HTTP/1.1 200 OK"
2025-11-28 22:58:51 - INFO - Пользователь успешно добавлен
2025-11-28 22:58:51 - INFO - Сессия добавлена
2025-11-28 23:00:50 - INFO - HTTP Request: GET https://accounts.google.com/.well-known/openid-configuration "HTTP/1.1 200 OK"
2025-11-28 23:00:51 - INFO - HTTP Request: POST https://oauth2.googleapis.com/token "HTTP/1.1 200 OK"
2025-11-28 23:00:52 - INFO - HTTP Request: GET https://www.googleapis.com/oauth2/v3/certs "HTTP/1.1 200 OK"
2025-11-28 23:00:52 - INFO - Пользователь, False
2025-11-28 23:00:52 - INFO - Айди, None
2025-11-28 23:00:52 - INFO - Пользователь успешно добавлен
2025-11-28 23:00:52 - INFO - Сессия, False
2025-11-28 23:00:52 - INFO - айди сессиии, None
2025-11-28 23:00:52 - INFO - Сессия добавлена
2025-11-28 23:01:25 - INFO - HTTP Request: GET https://accounts.google.com/.well-known/openid-configuration "HTTP/1.1 200 OK"
2025-11-28 23:01:26 - INFO - HTTP Request: POST https://oauth2.googleapis.com/token "HTTP/1.1 200 OK"
2025-11-28 23:01:27 - INFO - HTTP Request: GET https://www.googleapis.com/oauth2/v3/certs "HTTP/1.1 200 OK"
2025-11-28 23:01:27 - INFO - Пользователь, False
2025-11-28 23:01:27 - INFO - Пользователь успешно добавлен
2025-11-28 23:01:27 - INFO - Сессия, False
2025-11-28 23:01:27 - INFO - Сессия добавлена
2025-11-28 23:02:16 - INFO - HTTP Request: POST https://oauth2.googleapis.com/token "HTTP/1.1 200 OK"
2025-11-28 23:02:16 - INFO - Пользователь, True
2025-11-28 23:02:16 - INFO - Сессия, True
2025-11-29 07:17:46 - INFO - HTTP Request: POST https://oauth2.googleapis.com/token "HTTP/1.1 200 OK"
2025-11-29 07:17:46 - INFO - Пользователь, True
2025-11-29 07:17:46 - INFO - Сессия, True
2025-11-29 07:34:57 - INFO - HTTP Request: POST https://oauth2.googleapis.com/token "HTTP/1.1 200 OK"
2025-11-29 07:34:57 - INFO - Пользователь, False
2025-11-29 07:34:57 - INFO - Пользователь успешно добавлен
2025-11-29 07:34:57 - INFO - Сессия, False
2025-11-29 07:34:57 - INFO - Сессия добавлена
2025-11-30 14:20:34 - INFO - Пользователь успешно добавлен
2025-12-01 07:29:49 - INFO - HTTP Request: GET https://accounts.google.com/.well-known/openid-configuration "HTTP/1.1 200 OK"
2025-12-01 07:30:04 - INFO - HTTP Request: POST https://oauth2.googleapis.com/token "HTTP/1.1 200 OK"
2025-12-01 07:30:05 - INFO - HTTP Request: GET https://www.googleapis.com/oauth2/v3/certs "HTTP/1.1 200 OK"
2025-12-01 07:30:05 - INFO - Пользователь, False
2025-12-01 07:30:05 - INFO - Пользователь успешно добавлен
2025-12-01 07:30:05 - INFO - Сессия, False
2025-12-01 07:30:05 - INFO - Сессия добавлена
2025-12-01 09:16:20 - INFO - HTTP Request: POST https://oauth2.googleapis.com/token "HTTP/1.1 200 OK"
2025-12-01 09:16:20 - INFO - Пользователь, False
2025-12-01 09:16:20 - INFO - Пользователь успешно добавлен
2025-12-01 09:16:20 - INFO - Сессия, False
2025-12-01 09:16:20 - INFO - Сессия добавлена
2025-12-01 09:17:57 - INFO - HTTP Request: POST https://oauth2.googleapis.com/token "HTTP/1.1 200 OK"
2025-12-01 09:17:57 - INFO - Пользователь, True
2025-12-01 09:17:57 - INFO - Сессия, True
2025-12-01 09:17:57 - ERROR - Ошибка обновления сессии wTFVKAkqD5igO1GKazsFbSWTWOIZPbMk4nmKlZR7TVXdmsw3_0kbdw: sqlalchemy.sql.dml.ValuesBase.values() argument after ** must be a mapping, not str
2025-12-01 09:17:59 - INFO - HTTP Request: POST https://oauth2.googleapis.com/token "HTTP/1.1 200 OK"
2025-12-01 09:17:59 - INFO - Пользователь, True
2025-12-01 09:17:59 - INFO - Сессия, True
2025-12-01 09:17:59 - ERROR - Ошибка обновления сессии wTFVKAkqD5igO1GKazsFbSWTWOIZPbMk4nmKlZR7TVXdmsw3_0kbdw: sqlalchemy.sql.dml.ValuesBase.values() argument after ** must be a mapping, not str
2025-12-01 09:18:00 - INFO - HTTP Request: POST https://oauth2.googleapis.com/token "HTTP/1.1 200 OK"
2025-12-01 09:18:00 - INFO - Пользователь, True
2025-12-01 09:18:00 - INFO - Сессия, True
2025-12-01 09:18:00 - ERROR - Ошибка обновления сессии wTFVKAkqD5igO1GKazsFbSWTWOIZPbMk4nmKlZR7TVXdmsw3_0kbdw: sqlalchemy.sql.dml.ValuesBase.values() argument after ** must be a mapping, not str
2025-12-01 09:18:01 - INFO - HTTP Request: POST https://oauth2.googleapis.com/token "HTTP/1.1 200 OK"
2025-12-01 09:18:01 - INFO - Пользователь, True
2025-12-01 09:18:01 - INFO - Сессия, True
2025-12-01 09:18:01 - ERROR - Ошибка обновления сессии wTFVKAkqD5igO1GKazsFbSWTWOIZPbMk4nmKlZR7TVXdmsw3_0kbdw: sqlalchemy.sql.dml.ValuesBase.values() argument after ** must be a mapping, not str
2025-12-01 09:18:02 - INFO - HTTP Request: POST https://oauth2.googleapis.com/token "HTTP/1.1 200 OK"
2025-12-01 09:18:02 - INFO - Пользователь, True
2025-12-01 09:18:02 - INFO - Сессия, True
2025-12-01 09:18:02 - ERROR - Ошибка обновления сессии wTFVKAkqD5igO1GKazsFbSWTWOIZPbMk4nmKlZR7TVXdmsw3_0kbdw: sqlalchemy.sql.dml.ValuesBase.values() argument after ** must be a mapping, not str
2025-12-01 09:18:31 - INFO - HTTP Request: POST https://oauth2.googleapis.com/token "HTTP/1.1 200 OK"
2025-12-01 09:18:31 - INFO - Пользователь, True
2025-12-01 09:18:31 - INFO - Сессия, True
2025-12-01 09:18:31 - ERROR - Ошибка обновления сессии wTFVKAkqD5igO1GKazsFbSWTWOIZPbMk4nmKlZR7TVXdmsw3_0kbdw: sqlalchemy.sql.dml.ValuesBase.values() argument after ** must be a mapping, not str
2025-12-01 09:18:32 - INFO - HTTP Request: POST https://oauth2.googleapis.com/token "HTTP/1.1 200 OK"
2025-12-01 09:18:32 - INFO - Пользователь, True
2025-12-01 09:18:32 - INFO - Сессия, True
2025-12-01 09:18:32 - ERROR - Ошибка обновления сессии wTFVKAkqD5igO1GKazsFbSWTWOIZPbMk4nmKlZR7TVXdmsw3_0kbdw: sqlalchemy.sql.dml.ValuesBase.values() argument after ** must be a mapping, not str
2025-12-01 09:18:34 - INFO - HTTP Request: POST https://oauth2.googleapis.com/token "HTTP/1.1 200 OK"
2025-12-01 09:18:34 - INFO - Пользователь, True
2025-12-01 09:18:34 - INFO - Сессия, True
2025-12-01 09:18:34 - ERROR - Ошибка обновления сессии wTFVKAkqD5igO1GKazsFbSWTWOIZPbMk4nmKlZR7TVXdmsw3_0kbdw: sqlalchemy.sql.dml.ValuesBase.values() argument after ** must be a mapping, not str
2025-12-01 09:18:35 - INFO - HTTP Request: POST https://oauth2.googleapis.com/token "HTTP/1.1 200 OK"
2025-12-01 09:18:35 - INFO - Пользователь, True
2025-12-01 09:18:35 - INFO - Сессия, True
2025-12-01 09:18:35 - ERROR - Ошибка обновления сессии wTFVKAkqD5igO1GKazsFbSWTWOIZPbMk4nmKlZR7TVXdmsw3_0kbdw: sqlalchemy.sql.dml.ValuesBase.values() argument after ** must be a mapping, not str
2025-12-01 09:18:36 - INFO - HTTP Request: POST https://oauth2.googleapis.com/token "HTTP/1.1 200 OK"
2025-12-01 09:18:36 - INFO - Пользователь, True
2025-12-01 09:18:36 - INFO - Сессия, True
2025-12-01 09:18:36 - ERROR - Ошибка обновления сессии wTFVKAkqD5igO1GKazsFbSWTWOIZPbMk4nmKlZR7TVXdmsw3_0kbdw: sqlalchemy.sql.dml.ValuesBase.values() argument after ** must be a mapping, not str
2025-12-01 09:18:57 - INFO - HTTP Request: POST https://oauth2.googleapis.com/token "HTTP/1.1 200 OK"
2025-12-01 09:18:57 - INFO - Пользователь, True
2025-12-01 09:18:57 - INFO - Сессия, True
2025-12-01 09:18:57 - ERROR - Ошибка обновления сессии wTFVKAkqD5igO1GKazsFbSWTWOIZPbMk4nmKlZR7TVXdmsw3_0kbdw: sqlalchemy.sql.dml.ValuesBase.values() argument after ** must be a mapping, not str
2025-12-01 09:18:58 - INFO - HTTP Request: POST https://oauth2.googleapis.com/token "HTTP/1.1 200 OK"
2025-12-01 09:18:58 - INFO - Пользователь, True
2025-12-01 09:18:58 - INFO - Сессия, True
2025-12-01 09:18:58 - ERROR - Ошибка обновления сессии wTFVKAkqD5igO1GKazsFbSWTWOIZPbMk4nmKlZR7TVXdmsw3_0kbdw: sqlalchemy.sql.dml.ValuesBase.values() argument after ** must be a mapping, not str
2025-12-01 09:19:00 - INFO - HTTP Request: POST https://oauth2.googleapis.com/token "HTTP/1.1 200 OK"
2025-12-01 09:19:00 - INFO - Пользователь, True
2025-12-01 09:19:00 - INFO - Сессия, True
2025-12-01 09:19:00 - ERROR - Ошибка обновления сессии wTFVKAkqD5igO1GKazsFbSWTWOIZPbMk4nmKlZR7TVXdmsw3_0kbdw: sqlalchemy.sql.dml.ValuesBase.values() argument after ** must be a mapping, not str
2025-12-01 09:19:01 - INFO - HTTP Request: POST https://oauth2.googleapis.com/token "HTTP/1.1 200 OK"
2025-12-01 09:19:01 - INFO - Пользователь, True
2025-12-01 09:19:01 - INFO - Сессия, True
2025-12-01 09:19:01 - ERROR - Ошибка обновления сессии wTFVKAkqD5igO1GKazsFbSWTWOIZPbMk4nmKlZR7TVXdmsw3_0kbdw: sqlalchemy.sql.dml.ValuesBase.values() argument after ** must be a mapping, not str
2025-12-01 09:19:02 - INFO - HTTP Request: POST https://oauth2.googleapis.com/token "HTTP/1.1 200 OK"
2025-12-01 09:19:02 - INFO - Пользователь, True
2025-12-01 09:19:02 - INFO - Сессия, True
2025-12-01 09:19:02 - ERROR - Ошибка обновления сессии wTFVKAkqD5igO1GKazsFbSWTWOIZPbMk4nmKlZR7TVXdmsw3_0kbdw: sqlalchemy.sql.dml.ValuesBase.values() argument after ** must be a mapping, not str
2025-12-01 09:19:04 - INFO - HTTP Request: POST https://oauth2.googleapis.com/token "HTTP/1.1 200 OK"
2025-12-01 09:19:04 - INFO - Пользователь, True
2025-12-01 09:19:04 - INFO - Сессия, True
2025-12-01 09:19:04 - ERROR - Ошибка обновления сессии wTFVKAkqD5igO1GKazsFbSWTWOIZPbMk4nmKlZR7TVXdmsw3_0kbdw: sqlalchemy.sql.dml.ValuesBase.values() argument after ** must be a mapping, not str
2025-12-01 09:19:05 - INFO - HTTP Request: POST https://oauth2.googleapis.com/token "HTTP/1.1 200 OK"
2025-12-01 09:19:05 - INFO - Пользователь, True
2025-12-01 09:19:05 - INFO - Сессия, True
2025-12-01 09:19:05 - ERROR - Ошибка обновления сессии wTFVKAkqD5igO1GKazsFbSWTWOIZPbMk4nmKlZR7TVXdmsw3_0kbdw: sqlalchemy.sql.dml.ValuesBase.values() argument after ** must be a mapping, not str
2025-12-01 09:19:07 - INFO - HTTP Request: POST https://oauth2.googleapis.com/token "HTTP/1.1 200 OK"
2025-12-01 09:19:07 - INFO - Пользователь, True
2025-12-01 09:19:07 - INFO - Сессия, True
2025-12-01 09:19:07 - ERROR - Ошибка обновления сессии wTFVKAkqD5igO1GKazsFbSWTWOIZPbMk4nmKlZR7TVXdmsw3_0kbdw: sqlalchemy.sql.dml.ValuesBase.values() argument after ** must be a mapping, not str
2025-12-01 09:19:08 - INFO - HTTP Request: POST https://oauth2.googleapis.com/token "HTTP/1.1 200 OK"
2025-12-01 09:19:08 - INFO - Пользователь, True
2025-12-01 09:19:08 - INFO - Сессия, True
2025-12-01 09:19:08 - ERROR - Ошибка обновления сессии wTFVKAkqD5igO1GKazsFbSWTWOIZPbMk4nmKlZR7TVXdmsw3_0kbdw: sqlalchemy.sql.dml.ValuesBase.values() argument after ** must be a mapping, not str
2025-12-01 09:19:09 - INFO - HTTP Request: POST https://oauth2.googleapis.com/token "HTTP/1.1 200 OK"
2025-12-01 09:19:09 - INFO - Пользователь, True
2025-12-01 09:19:09 - INFO - Сессия, True
2025-12-01 09:19:09 - ERROR - Ошибка обновления сессии wTFVKAkqD5igO1GKazsFbSWTWOIZPbMk4nmKlZR7TVXdmsw3_0kbdw: sqlalchemy.sql.dml.ValuesBase.values() argument after ** must be a mapping, not str
2025-12-01 09:22:56 - INFO - HTTP Request: GET https://accounts.google.com/.well-known/openid-configuration "HTTP/1.1 200 OK"
2025-12-01 09:22:57 - INFO - HTTP Request: POST https://oauth2.googleapis.com/token "HTTP/1.1 200 OK"
2025-12-01 09:22:58 - INFO - HTTP Request: GET https://www.googleapis.com/oauth2/v3/certs "HTTP/1.1 200 OK"
2025-12-01 09:22:58 - INFO - Пользователь, True
2025-12-01 09:22:58 - INFO - Сессия, True
2025-12-01 09:22:58 - ERROR - Ошибка обновления сессии wTFVKAkqD5igO1GKazsFbSWTWOIZPbMk4nmKlZR7TVXdmsw3_0kbdw: (psycopg2.errors.InvalidTextRepresentation) ОШИБКА:  неверный синтаксис для типа integer: "T"
LINE 1: UPDATE test_session SET id='T', session_id='j', user_id='V',...
                                   ^

[SQL: UPDATE test_session SET id=%(id)s, session_id=%(session_id)s, user_id=%(user_id)s, session_data=%(session_data)s::JSONB WHERE test_session.session_id = %(session_id_1)s]
[parameters: {'id': 'T', 'session_id': 'j', 'user_id': 'V', 'session_data': '"m"', 'session_id_1': 'wTFVKAkqD5igO1GKazsFbSWTWOIZPbMk4nmKlZR7TVXdmsw3_0kbdw'}]
(Background on this error at: https://sqlalche.me/e/20/9h9h)
2025-12-01 09:22:59 - INFO - HTTP Request: POST https://oauth2.googleapis.com/token "HTTP/1.1 200 OK"
2025-12-01 09:22:59 - INFO - Пользователь, True
2025-12-01 09:22:59 - INFO - Сессия, True
2025-12-01 09:22:59 - ERROR - Ошибка обновления сессии wTFVKAkqD5igO1GKazsFbSWTWOIZPbMk4nmKlZR7TVXdmsw3_0kbdw: (psycopg2.errors.InvalidTextRepresentation) ОШИБКА:  неверный синтаксис для типа integer: "H"
LINE 1: UPDATE test_session SET id='H', session_id='y', user_id='B',...
                                   ^

[SQL: UPDATE test_session SET id=%(id)s, session_id=%(session_id)s, user_id=%(user_id)s, session_data=%(session_data)s::JSONB WHERE test_session.session_id = %(session_id_1)s]
[parameters: {'id': 'H', 'session_id': 'y', 'user_id': 'B', 'session_data': '"0"', 'session_id_1': 'wTFVKAkqD5igO1GKazsFbSWTWOIZPbMk4nmKlZR7TVXdmsw3_0kbdw'}]
(Background on this error at: https://sqlalche.me/e/20/9h9h)
2025-12-01 09:23:00 - INFO - HTTP Request: POST https://oauth2.googleapis.com/token "HTTP/1.1 200 OK"
2025-12-01 09:23:00 - INFO - Пользователь, True
2025-12-01 09:23:00 - INFO - Сессия, True
2025-12-01 09:23:00 - ERROR - Ошибка обновления сессии wTFVKAkqD5igO1GKazsFbSWTWOIZPbMk4nmKlZR7TVXdmsw3_0kbdw: (psycopg2.errors.InvalidTextRepresentation) ОШИБКА:  неверный синтаксис для типа integer: "_"
LINE 1: UPDATE test_session SET id='_', session_id='g', user_id='v',...
                                   ^

[SQL: UPDATE test_session SET id=%(id)s, session_id=%(session_id)s, user_id=%(user_id)s, session_data=%(session_data)s::JSONB WHERE test_session.session_id = %(session_id_1)s]
[parameters: {'id': '_', 'session_id': 'g', 'user_id': 'v', 'session_data': '"d"', 'session_id_1': 'wTFVKAkqD5igO1GKazsFbSWTWOIZPbMk4nmKlZR7TVXdmsw3_0kbdw'}]
(Background on this error at: https://sqlalche.me/e/20/9h9h)
2025-12-01 09:23:01 - INFO - HTTP Request: POST https://oauth2.googleapis.com/token "HTTP/1.1 200 OK"
2025-12-01 09:23:01 - INFO - Пользователь, True
2025-12-01 09:23:01 - INFO - Сессия, True
2025-12-01 09:23:02 - ERROR - Ошибка обновления сессии wTFVKAkqD5igO1GKazsFbSWTWOIZPbMk4nmKlZR7TVXdmsw3_0kbdw: (psycopg2.errors.InvalidTextRepresentation) ОШИБКА:  неверный синтаксис для типа integer: "w"
LINE 1: ... test_session SET id='9', session_id='p', user_id='w', sessi...
                                                             ^

[SQL: UPDATE test_session SET id=%(id)s, session_id=%(session_id)s, user_id=%(user_id)s, session_data=%(session_data)s::JSONB WHERE test_session.session_id = %(session_id_1)s]
[parameters: {'id': '9', 'session_id': 'p', 'user_id': 'w', 'session_data': '"a"', 'session_id_1': 'wTFVKAkqD5igO1GKazsFbSWTWOIZPbMk4nmKlZR7TVXdmsw3_0kbdw'}]
(Background on this error at: https://sqlalche.me/e/20/9h9h)
2025-12-01 09:23:03 - INFO - HTTP Request: POST https://oauth2.googleapis.com/token "HTTP/1.1 200 OK"
2025-12-01 09:23:03 - INFO - Пользователь, True
2025-12-01 09:23:03 - INFO - Сессия, True
2025-12-01 09:23:03 - ERROR - Ошибка обновления сессии wTFVKAkqD5igO1GKazsFbSWTWOIZPbMk4nmKlZR7TVXdmsw3_0kbdw: (psycopg2.errors.InvalidTextRepresentation) ОШИБКА:  неверный синтаксис для типа integer: "h"
LINE 1: UPDATE test_session SET id='h', session_id='i', user_id='_',...
                                   ^

[SQL: UPDATE test_session SET id=%(id)s, session_id=%(session_id)s, user_id=%(user_id)s, session_data=%(session_data)s::JSONB WHERE test_session.session_id = %(session_id_1)s]
[parameters: {'id': 'h', 'session_id': 'i', 'user_id': '_', 'session_data': '"5"', 'session_id_1': 'wTFVKAkqD5igO1GKazsFbSWTWOIZPbMk4nmKlZR7TVXdmsw3_0kbdw'}]
(Background on this error at: https://sqlalche.me/e/20/9h9h)
2025-12-01 10:00:36 - INFO - HTTP Request: GET https://accounts.google.com/.well-known/openid-configuration "HTTP/1.1 200 OK"
2025-12-01 10:00:37 - INFO - HTTP Request: POST https://oauth2.googleapis.com/token "HTTP/1.1 200 OK"
2025-12-01 10:00:38 - INFO - HTTP Request: GET https://www.googleapis.com/oauth2/v3/certs "HTTP/1.1 200 OK"
2025-12-01 10:00:38 - INFO - Пользователь, True
2025-12-01 10:00:38 - INFO - Сессия, True
2025-12-01 10:00:38 - ERROR - Ошибка обновления сессии wTFVKAkqD5igO1GKazsFbSWTWOIZPbMk4nmKlZR7TVXdmsw3_0kbdw: 'Update' object has no attribute 'value'
2025-12-01 10:00:39 - INFO - HTTP Request: POST https://oauth2.googleapis.com/token "HTTP/1.1 200 OK"
2025-12-01 10:00:39 - INFO - Пользователь, True
2025-12-01 10:00:39 - INFO - Сессия, True
2025-12-01 10:00:39 - ERROR - Ошибка обновления сессии wTFVKAkqD5igO1GKazsFbSWTWOIZPbMk4nmKlZR7TVXdmsw3_0kbdw: 'Update' object has no attribute 'value'
2025-12-01 10:00:40 - INFO - HTTP Request: POST https://oauth2.googleapis.com/token "HTTP/1.1 200 OK"
2025-12-01 10:00:40 - INFO - Пользователь, True
2025-12-01 10:00:40 - INFO - Сессия, True
2025-12-01 10:00:40 - ERROR - Ошибка обновления сессии wTFVKAkqD5igO1GKazsFbSWTWOIZPbMk4nmKlZR7TVXdmsw3_0kbdw: 'Update' object has no attribute 'value'
2025-12-01 10:00:41 - INFO - HTTP Request: POST https://oauth2.googleapis.com/token "HTTP/1.1 200 OK"
2025-12-01 10:00:41 - INFO - Пользователь, True
2025-12-01 10:00:41 - INFO - Сессия, True
2025-12-01 10:00:41 - ERROR - Ошибка обновления сессии wTFVKAkqD5igO1GKazsFbSWTWOIZPbMk4nmKlZR7TVXdmsw3_0kbdw: 'Update' object has no attribute 'value'
2025-12-01 10:00:42 - INFO - HTTP Request: POST https://oauth2.googleapis.com/token "HTTP/1.1 200 OK"
2025-12-01 10:00:42 - INFO - Пользователь, True
2025-12-01 10:00:42 - INFO - Сессия, True
2025-12-01 10:00:42 - ERROR - Ошибка обновления сессии wTFVKAkqD5igO1GKazsFbSWTWOIZPbMk4nmKlZR7TVXdmsw3_0kbdw: 'Update' object has no attribute 'value'
2025-12-01 10:03:49 - INFO - HTTP Request: GET https://accounts.google.com/.well-known/openid-configuration "HTTP/1.1 200 OK"
2025-12-01 10:03:51 - INFO - HTTP Request: POST https://oauth2.googleapis.com/token "HTTP/1.1 200 OK"
2025-12-01 10:03:51 - INFO - HTTP Request: GET https://www.googleapis.com/oauth2/v3/certs "HTTP/1.1 200 OK"
2025-12-01 10:03:51 - INFO - Пользователь, True
2025-12-01 10:03:51 - INFO - Сессия, True
2025-12-01 10:07:07 - INFO - HTTP Request: POST https://oauth2.googleapis.com/token "HTTP/1.1 200 OK"
2025-12-01 10:07:07 - INFO - Пользователь, True
2025-12-01 10:07:07 - INFO - Сессия, True
2025-12-01 10:14:29 - INFO - HTTP Request: GET https://accounts.google.com/.well-known/openid-configuration "HTTP/1.1 200 OK"
2025-12-01 10:14:31 - INFO - HTTP Request: POST https://oauth2.googleapis.com/token "HTTP/1.1 200 OK"
2025-12-01 10:14:31 - INFO - HTTP Request: GET https://www.googleapis.com/oauth2/v3/certs "HTTP/1.1 200 OK"
2025-12-01 10:14:31 - INFO - Пользователь, True
2025-12-01 10:14:31 - INFO - Сессия, True
2025-12-01 12:10:30 - INFO - HTTP Request: GET https://accounts.google.com/.well-known/openid-configuration "HTTP/1.1 200 OK"
2025-12-01 12:10:59 - INFO - HTTP Request: POST https://oauth2.googleapis.com/token "HTTP/1.1 200 OK"
2025-12-01 12:11:00 - INFO - HTTP Request: GET https://www.googleapis.com/oauth2/v3/certs "HTTP/1.1 200 OK"
2025-12-01 12:11:00 - INFO - Пользователь, False
2025-12-01 12:11:00 - INFO - Пользователь успешно добавлен
2025-12-01 12:11:00 - INFO - Сессия, False
2025-12-01 12:11:00 - INFO - Сессия добавлена
2025-12-01 12:33:29 - INFO - HTTP Request: GET https://accounts.google.com/.well-known/openid-configuration "HTTP/1.1 200 OK"
2025-12-01 12:33:34 - INFO - HTTP Request: POST https://oauth2.googleapis.com/token "HTTP/1.1 200 OK"
2025-12-01 12:33:34 - INFO - HTTP Request: GET https://www.googleapis.com/oauth2/v3/certs "HTTP/1.1 200 OK"
2025-12-01 12:33:34 - INFO - Пользователь, False
2025-12-01 12:33:34 - INFO - Пользователь успешно добавлен
2025-12-01 12:33:34 - INFO - Сессия, False
2025-12-01 12:33:34 - INFO - Сессия добавлена
2025-12-01 12:39:13 - INFO - HTTP Request: GET https://accounts.google.com/.well-known/openid-configuration "HTTP/1.1 200 OK"
2025-12-01 12:39:15 - INFO - HTTP Request: POST https://oauth2.googleapis.com/token "HTTP/1.1 200 OK"
2025-12-01 12:39:16 - INFO - HTTP Request: GET https://www.googleapis.com/oauth2/v3/certs "HTTP/1.1 200 OK"
2025-12-01 12:39:16 - INFO - Пользователь, False
2025-12-01 12:39:16 - INFO - Пользователь успешно добавлен
2025-12-01 12:39:16 - INFO - Сессия, False
2025-12-01 12:39:16 - INFO - Сессия добавлена
2025-12-01 12:49:51 - INFO - HTTP Request: GET https://accounts.google.com/.well-known/openid-configuration "HTTP/1.1 200 OK"
2025-12-01 12:49:53 - INFO - HTTP Request: POST https://oauth2.googleapis.com/token "HTTP/1.1 200 OK"
2025-12-01 12:49:53 - INFO - HTTP Request: GET https://www.googleapis.com/oauth2/v3/certs "HTTP/1.1 200 OK"
2025-12-01 12:49:53 - INFO - Пользователь, True
2025-12-01 12:49:53 - INFO - Сессия, True
2025-12-01 12:53:24 - INFO - HTTP Request: GET https://accounts.google.com/.well-known/openid-configuration "HTTP/1.1 200 OK"
2025-12-01 12:53:25 - INFO - HTTP Request: POST https://oauth2.googleapis.com/token "HTTP/1.1 200 OK"
2025-12-01 12:53:26 - INFO - HTTP Request: GET https://www.googleapis.com/oauth2/v3/certs "HTTP/1.1 200 OK"
2025-12-01 12:53:26 - INFO - Пользователь, False
2025-12-01 12:53:26 - INFO - Пользователь успешно добавлен
2025-12-01 12:53:26 - INFO - Сессия, False
2025-12-01 12:53:26 - INFO - Сессия добавлена
2025-12-02 01:47:36 - ERROR - Ошибка обновления времени сессии (psycopg2.errors.NotNullViolation) ОШИБКА:  значение NULL в столбце "session_id" отношения "test_session" нарушает ограничение NOT NULL
DETAIL:  Ошибочная строка содержит (4, 44, null, {"data": "cool"}, 2025-12-01 12:53:26.247311+03, 2025-12-01 12:53:26.247311+03).

[SQL: UPDATE test_session SET session_id=%(session_id)s WHERE test_session.session_id = %(session_id_1)s]
[parameters: {'session_id': None, 'session_id_1': 'HpkI37rucGyUnuDOwGwAkI4l8wztLSTHybh5gWhJadcGNd_BAikUSw'}]
(Background on this error at: https://sqlalche.me/e/20/gkpj)
2025-12-02 01:48:20 - ERROR - Ошибка обновления времени сессии (psycopg2.errors.NotNullViolation) ОШИБКА:  значение NULL в столбце "last_seen_at" отношения "test_session" нарушает ограничение NOT NULL
DETAIL:  Ошибочная строка содержит (4, 44, HpkI37rucGyUnuDOwGwAkI4l8wztLSTHybh5gWhJadcGNd_BAikUSw, {"data": "cool"}, 2025-12-01 12:53:26.247311+03, null).

[SQL: UPDATE test_session SET last_seen_at=%(last_seen_at)s WHERE test_session.session_id = %(session_id_1)s]
[parameters: {'last_seen_at': None, 'session_id_1': 'HpkI37rucGyUnuDOwGwAkI4l8wztLSTHybh5gWhJadcGNd_BAikUSw'}]
(Background on this error at: https://sqlalche.me/e/20/gkpj)
2025-12-02 01:48:36 - ERROR - Ошибка обновления времени сессии (psycopg2.errors.NotNullViolation) ОШИБКА:  значение NULL в столбце "last_seen_at" отношения "test_session" нарушает ограничение NOT NULL
DETAIL:  Ошибочная строка содержит (4, 44, HpkI37rucGyUnuDOwGwAkI4l8wztLSTHybh5gWhJadcGNd_BAikUSw, {"data": "cool"}, 2025-12-01 12:53:26.247311+03, null).

[SQL: UPDATE test_session SET last_seen_at=%(last_seen_at)s WHERE test_session.session_id = %(session_id_1)s]
[parameters: {'last_seen_at': None, 'session_id_1': 'HpkI37rucGyUnuDOwGwAkI4l8wztLSTHybh5gWhJadcGNd_BAikUSw'}]
(Background on this error at: https://sqlalche.me/e/20/gkpj)
2025-12-02 01:52:11 - ERROR - Ошибка обновления времени сессии function missing required argument 'year' (pos 1)
2025-12-02 07:22:22 - INFO - HTTP Request: GET https://accounts.google.com/.well-known/openid-configuration "HTTP/1.1 200 OK"
2025-12-02 07:22:23 - INFO - HTTP Request: POST https://oauth2.googleapis.com/token "HTTP/1.1 200 OK"
2025-12-02 07:22:24 - INFO - HTTP Request: GET https://www.googleapis.com/oauth2/v3/certs "HTTP/1.1 200 OK"
2025-12-02 07:22:24 - INFO - Пользователь, True
2025-12-02 07:22:24 - INFO - Сессия, True
2025-12-02 07:50:39 - INFO - HTTP Request: GET https://accounts.google.com/.well-known/openid-configuration "HTTP/1.1 200 OK"
2025-12-02 07:50:41 - INFO - HTTP Request: POST https://oauth2.googleapis.com/token "HTTP/1.1 200 OK"
2025-12-02 07:50:41 - INFO - HTTP Request: GET https://www.googleapis.com/oauth2/v3/certs "HTTP/1.1 200 OK"
2025-12-02 07:50:41 - INFO - Пользователь, False
2025-12-02 07:50:41 - INFO - Пользователь успешно добавлен
2025-12-02 07:50:41 - INFO - Сессия, False
2025-12-02 07:50:41 - INFO - Сессия добавлена
2025-12-02 07:57:29 - INFO - Время жизни сессии обновлено
2025-12-02 07:57:29 - INFO - Время жизни сессии обновлено
2025-12-02 07:57:42 - INFO - Время жизни сессии обновлено
2025-12-02 07:57:42 - INFO - Время жизни сессии обновлено
2025-12-02 07:58:19 - INFO - Время жизни сессии обновлено
2025-12-02 07:58:19 - INFO - Время жизни сессии обновлено
2025-12-02 08:03:17 - INFO - Время жизни сессии обновлено
2025-12-02 08:03:17 - INFO - Время жизни сессии обновлено
2025-12-02 08:03:36 - INFO - Время жизни сессии обновлено
2025-12-02 08:03:36 - INFO - Время жизни сессии обновлено
2025-12-02 08:04:05 - INFO - Время жизни сессии обновлено
2025-12-02 08:04:05 - INFO - Время жизни сессии обновлено
2025-12-02 08:05:54 - INFO - Время жизни сессии обновлено
2025-12-02 08:06:18 - INFO - Время жизни сессии обновлено
2025-12-02 08:06:19 - INFO - HTTP Request: GET https://accounts.google.com/.well-known/openid-configuration "HTTP/1.1 200 OK"
2025-12-02 08:06:22 - INFO - Время жизни сессии обновлено
2025-12-02 08:07:03 - INFO - Время жизни сессии обновлено
2025-12-02 08:08:16 - INFO - Время жизни сессии обновлено
2025-12-02 08:08:58 - INFO - Время жизни сессии обновлено
2025-12-02 08:08:58 - INFO - Время жизни сессии обновлено
2025-12-02 08:09:38 - INFO - Время жизни сессии обновлено
2025-12-02 08:09:38 - INFO - Время жизни сессии обновлено
2025-12-02 08:09:46 - INFO - Время жизни сессии обновлено
2025-12-02 08:09:46 - INFO - Время жизни сессии обновлено
2025-12-02 08:24:26 - INFO - Время жизни сессии обновлено
2025-12-02 08:24:26 - INFO - Время жизни сессии обновлено
2025-12-02 08:30:16 - INFO - Время жизни сессии обновлено
2025-12-02 08:30:16 - INFO - Время жизни сессии обновлено
2025-12-02 08:31:42 - INFO - Время жизни сессии обновлено
2025-12-02 08:31:42 - INFO - Время жизни сессии обновлено
2025-12-02 08:32:11 - INFO - Время жизни сессии обновлено
2025-12-02 08:32:11 - INFO - Время жизни сессии обновлено
2025-12-02 08:33:19 - INFO - Время жизни сессии обновлено
2025-12-02 08:33:36 - INFO - Время жизни сессии обновлено
2025-12-02 08:34:09 - INFO - Время жизни сессии обновлено
2025-12-02 08:40:26 - INFO - Время жизни сессии обновлено
2025-12-02 08:40:42 - INFO - Время жизни сессии обновлено
2025-12-02 08:43:34 - INFO - Время жизни сессии обновлено
2025-12-02 08:43:41 - INFO - Время жизни сессии обновлено
2025-12-02 08:43:41 - INFO - Время жизни сессии обновлено
2025-12-02 08:44:07 - INFO - Время жизни сессии обновлено
2025-12-02 08:48:38 - INFO - Время жизни сессии обновлено
2025-12-02 08:48:43 - INFO - Время жизни сессии обновлено
2025-12-02 08:49:18 - INFO - HTTP Request: GET https://accounts.google.com/.well-known/openid-configuration "HTTP/1.1 200 OK"
2025-12-02 08:49:19 - INFO - HTTP Request: POST https://oauth2.googleapis.com/token "HTTP/1.1 200 OK"
2025-12-02 08:49:20 - INFO - HTTP Request: GET https://www.googleapis.com/oauth2/v3/certs "HTTP/1.1 200 OK"
2025-12-02 08:49:20 - INFO - Пользователь, True
2025-12-02 08:49:20 - INFO - Сессия, True
2025-12-02 08:49:20 - INFO - Время жизни сессии обновлено
2025-12-02 09:09:50 - INFO - HTTP Request: GET https://accounts.google.com/.well-known/openid-configuration "HTTP/1.1 200 OK"
2025-12-02 09:09:58 - INFO - HTTP Request: POST https://oauth2.googleapis.com/token "HTTP/1.1 200 OK"
2025-12-02 09:09:59 - INFO - HTTP Request: GET https://www.googleapis.com/oauth2/v3/certs "HTTP/1.1 200 OK"
2025-12-02 09:09:59 - INFO - Пользователь, False
2025-12-02 09:09:59 - INFO - Пользователь успешно добавлен
2025-12-02 09:09:59 - INFO - Сессия, False
2025-12-02 09:09:59 - INFO - Сессия добавлена
2025-12-02 09:09:59 - INFO - Время жизни сессии обновлено
2025-12-02 09:11:07 - INFO - Время жизни сессии обновлено
2025-12-02 09:11:22 - INFO - Время жизни сессии обновлено
2025-12-02 09:11:25 - INFO - Время жизни сессии обновлено
2025-12-02 09:11:29 - INFO - Время жизни сессии обновлено
2025-12-02 09:11:42 - INFO - Время жизни сессии обновлено
2025-12-02 09:11:43 - INFO - HTTP Request: GET https://accounts.google.com/.well-known/openid-configuration "HTTP/1.1 200 OK"
2025-12-02 09:11:44 - INFO - Время жизни сессии обновлено
2025-12-02 09:11:45 - INFO - HTTP Request: POST https://oauth2.googleapis.com/token "HTTP/1.1 200 OK"
2025-12-02 09:11:45 - INFO - HTTP Request: GET https://www.googleapis.com/oauth2/v3/certs "HTTP/1.1 200 OK"
2025-12-02 09:11:45 - INFO - Пользователь, True
2025-12-02 09:11:45 - INFO - Сессия, True
2025-12-02 09:11:45 - INFO - Время жизни сессии обновлено
2025-12-02 09:12:21 - INFO - Время жизни сессии обновлено
2025-12-02 10:54:41 - INFO - HTTP Request: POST https://oauth2.googleapis.com/token "HTTP/1.1 200 OK"
2025-12-02 10:54:41 - INFO - Пользователь, True
2025-12-02 10:54:41 - INFO - Сессия, False
2025-12-02 10:54:41 - INFO - Сессия добавлена
2025-12-02 10:54:41 - INFO - Время жизни сессии обновлено
2025-12-02 11:08:57 - INFO - Время жизни сессии обновлено
2025-12-02 13:19:50 - INFO - HTTP Request: GET https://accounts.google.com/.well-known/openid-configuration "HTTP/1.1 200 OK"
2025-12-02 13:19:53 - INFO - HTTP Request: POST https://oauth2.googleapis.com/token "HTTP/1.1 200 OK"
2025-12-02 13:19:54 - INFO - HTTP Request: GET https://www.googleapis.com/oauth2/v3/certs "HTTP/1.1 200 OK"
2025-12-02 13:19:54 - INFO - Пользователь, True
2025-12-02 13:20:14 - INFO - HTTP Request: GET https://accounts.google.com/.well-known/openid-configuration "HTTP/1.1 200 OK"
2025-12-02 13:20:15 - INFO - HTTP Request: POST https://oauth2.googleapis.com/token "HTTP/1.1 200 OK"
2025-12-02 13:20:16 - INFO - HTTP Request: GET https://www.googleapis.com/oauth2/v3/certs "HTTP/1.1 200 OK"
2025-12-02 13:20:16 - INFO - Пользователь, True
2025-12-02 13:20:16 - INFO - Сессия, True
2025-12-02 13:20:16 - INFO - Время жизни сессии обновлено
2025-12-03 11:58:09 - INFO - HTTP Request: GET https://accounts.google.com/.well-known/openid-configuration "HTTP/1.1 200 OK"
2025-12-03 11:58:19 - INFO - HTTP Request: POST https://oauth2.googleapis.com/token "HTTP/1.1 200 OK"
2025-12-03 11:58:20 - INFO - HTTP Request: GET https://www.googleapis.com/oauth2/v3/certs "HTTP/1.1 200 OK"
2025-12-03 11:58:20 - INFO - Пользователь, True
2025-12-03 11:58:20 - INFO - Сессия, True
2025-12-03 11:58:20 - INFO - Время жизни сессии обновлено
2025-12-03 12:03:07 - INFO - HTTP Request: GET https://accounts.google.com/.well-known/openid-configuration "HTTP/1.1 200 OK"
2025-12-03 12:03:08 - INFO - HTTP Request: POST https://oauth2.googleapis.com/token "HTTP/1.1 200 OK"
2025-12-03 12:03:09 - INFO - HTTP Request: GET https://www.googleapis.com/oauth2/v3/certs "HTTP/1.1 200 OK"
2025-12-03 12:03:09 - INFO - Пользователь, True
2025-12-03 12:03:09 - INFO - Сессия, True
2025-12-03 12:03:09 - INFO - Время жизни сессии обновлено
2025-12-03 12:04:04 - INFO - Время жизни сессии обновлено
2025-12-03 12:04:08 - INFO - HTTP Request: GET https://accounts.google.com/.well-known/openid-configuration "HTTP/1.1 200 OK"
2025-12-03 12:04:09 - INFO - HTTP Request: POST https://oauth2.googleapis.com/token "HTTP/1.1 200 OK"
2025-12-03 12:04:10 - INFO - HTTP Request: GET https://www.googleapis.com/oauth2/v3/certs "HTTP/1.1 200 OK"
2025-12-03 12:04:10 - INFO - Пользователь, True
2025-12-03 12:04:10 - INFO - Сессия, True
2025-12-03 12:04:10 - INFO - Время жизни сессии обновлено
2025-12-03 12:11:08 - INFO - Время жизни сессии обновлено
2025-12-03 12:11:12 - INFO - HTTP Request: GET https://accounts.google.com/.well-known/openid-configuration "HTTP/1.1 200 OK"
2025-12-03 12:11:14 - INFO - HTTP Request: POST https://oauth2.googleapis.com/token "HTTP/1.1 200 OK"
2025-12-03 12:11:14 - INFO - HTTP Request: GET https://www.googleapis.com/oauth2/v3/certs "HTTP/1.1 200 OK"
2025-12-03 12:11:14 - INFO - Пользователь, True
2025-12-03 12:11:14 - INFO - Последний заход, 2025-12-03 12:11:08.777206+03:00
2025-12-03 12:11:14 - INFO - Текущие время, 2025-12-03 09:11:14.938581+00:00
2025-12-03 12:11:14 - INFO - Время привёденое к одной зоне, 2025-12-03 12:11:08.777206+03:00
2025-12-03 12:11:14 - INFO - Поидеии время привёдное то то + 1час, 2025-12-03 10:11:08.777206+00:00
2025-12-03 12:11:14 - INFO - Сессия, True
2025-12-03 12:11:14 - INFO - Время жизни сессии обновлено
2025-12-03 12:14:16 - INFO - Время жизни сессии обновлено
2025-12-03 12:14:19 - INFO - HTTP Request: GET https://accounts.google.com/.well-known/openid-configuration "HTTP/1.1 200 OK"
2025-12-03 12:14:21 - INFO - HTTP Request: POST https://oauth2.googleapis.com/token "HTTP/1.1 200 OK"
2025-12-03 12:14:22 - INFO - HTTP Request: GET https://www.googleapis.com/oauth2/v3/certs "HTTP/1.1 200 OK"
2025-12-03 12:14:22 - INFO - Пользователь, True
2025-12-03 12:14:22 - INFO - Последний заход, 2025-12-03 12:14:16.408849+03:00
2025-12-03 12:14:22 - INFO - Текущие время, 2025-12-03 09:14:22.038797+00:00
2025-12-03 12:14:22 - INFO - Время привёденое к одной зоне, 2025-12-03 09:14:16.408849+00:00
2025-12-03 12:14:22 - INFO - Поидеии время привёдное то то + 1час, 2025-12-03 10:14:16.408849+00:00
2025-12-03 12:14:22 - INFO - Сессия, True
2025-12-03 12:14:22 - INFO - Время жизни сессии обновлено
2025-12-03 12:24:40 - INFO - HTTP Request: GET https://accounts.google.com/.well-known/openid-configuration "HTTP/1.1 200 OK"
2025-12-03 12:24:41 - INFO - HTTP Request: POST https://oauth2.googleapis.com/token "HTTP/1.1 200 OK"
2025-12-03 12:24:42 - INFO - HTTP Request: GET https://www.googleapis.com/oauth2/v3/certs "HTTP/1.1 200 OK"
2025-12-03 12:24:42 - INFO - Пользователь, True
2025-12-03 12:24:42 - INFO - Последний заход, 2025-12-03 12:14:22.051918+03:00
2025-12-03 12:24:42 - INFO - Текущие время, 2025-12-03 09:24:42.417243+00:00
2025-12-03 12:24:42 - INFO - последний заход без приведения, 2025-12-03 12:14:22.051918+03:00
2025-12-03 12:24:42 - INFO - последний заход привёдёный к uts, 2025-12-03 09:14:22.051918+00:00
2025-12-03 12:24:42 - INFO - Разница: 0:10:20.365325
2025-12-03 12:24:42 - INFO - Сессия, True
2025-12-03 12:24:42 - INFO - Время жизни сессии обновлено
2025-12-03 12:29:12 - INFO - HTTP Request: GET https://accounts.google.com/.well-known/openid-configuration "HTTP/1.1 200 OK"
2025-12-03 12:29:14 - INFO - HTTP Request: POST https://oauth2.googleapis.com/token "HTTP/1.1 200 OK"
2025-12-03 12:29:15 - INFO - HTTP Request: GET https://www.googleapis.com/oauth2/v3/certs "HTTP/1.1 200 OK"
2025-12-03 12:29:15 - INFO - Пользователь, True
2025-12-03 12:29:15 - INFO - Последний заход, 2025-12-03 12:24:42.430781+03:00
2025-12-03 12:29:15 - INFO - Текущие время, 2025-12-03 09:29:15.370513+00:00
2025-12-03 12:29:15 - INFO - последний заход без приведения, 2025-12-03 12:24:42.430781+03:00
2025-12-03 12:29:15 - INFO - последний заход привёдёный к uts, 2025-12-03 09:24:42.430781+00:00
2025-12-03 12:29:15 - INFO - Разница: 0:04:32.939732
2025-12-03 12:29:15 - INFO - Сессия, True
2025-12-03 12:29:15 - INFO - Время жизни сессии обновлено
2025-12-03 12:30:41 - INFO - Время жизни сессии обновлено
2025-12-03 12:30:45 - INFO - HTTP Request: GET https://accounts.google.com/.well-known/openid-configuration "HTTP/1.1 200 OK"
2025-12-03 12:30:46 - INFO - HTTP Request: POST https://oauth2.googleapis.com/token "HTTP/1.1 200 OK"
2025-12-03 12:30:47 - INFO - HTTP Request: GET https://www.googleapis.com/oauth2/v3/certs "HTTP/1.1 200 OK"
2025-12-03 12:30:47 - INFO - Пользователь, True
2025-12-03 12:30:47 - INFO - Последний заход, 2025-12-03 12:30:41.651473+03:00
2025-12-03 12:30:47 - INFO - Текущие время, 2025-12-03 09:30:47.153269+00:00
2025-12-03 12:30:47 - INFO - последний заход без приведения, 2025-12-03 12:30:41.651473+03:00
2025-12-03 12:30:47 - INFO - последний заход привёдёный к uts, 2025-12-03 09:30:41.651473+00:00
2025-12-03 12:30:47 - INFO - Разница: 0:00:05.501796
2025-12-03 12:30:47 - INFO - Сессия, True
2025-12-03 12:30:47 - INFO - Время жизни сессии обновлено
2025-12-03 12:32:57 - INFO - Время жизни сессии обновлено
2025-12-03 12:33:04 - INFO - Время жизни сессии обновлено
2025-12-03 12:33:11 - INFO - HTTP Request: GET https://accounts.google.com/.well-known/openid-configuration "HTTP/1.1 200 OK"
2025-12-03 12:33:12 - INFO - HTTP Request: POST https://oauth2.googleapis.com/token "HTTP/1.1 200 OK"
2025-12-03 12:33:12 - INFO - HTTP Request: GET https://www.googleapis.com/oauth2/v3/certs "HTTP/1.1 200 OK"
2025-12-03 12:33:12 - INFO - Пользователь, True
2025-12-03 12:33:12 - INFO - Текущие время, 2025-12-03 09:33:12.939676+00:00
2025-12-03 12:33:12 - INFO - последний заход без приведения, 2025-12-03 12:33:04.630211+03:00
2025-12-03 12:33:12 - INFO - последний заход привёдёный к uts, 2025-12-03 09:33:04.630211+00:00
2025-12-03 12:33:12 - INFO - Разница: 0:00:08.309465
2025-12-03 12:33:12 - INFO - Сессия, True
2025-12-03 12:33:12 - INFO - Время жизни сессии обновлено
2025-12-03 12:34:48 - INFO - HTTP Request: POST https://oauth2.googleapis.com/token "HTTP/1.1 200 OK"
2025-12-03 12:34:48 - INFO - Пользователь, True
2025-12-03 12:34:48 - INFO - Текущие время, 2025-12-03 09:34:48.636194+00:00
2025-12-03 12:34:48 - INFO - последний заход без приведения, 2025-12-03 12:33:12.958888+03:00
2025-12-03 12:34:48 - INFO - последний заход привёдёный к uts, 2025-12-03 09:33:12.958888+00:00
2025-12-03 12:34:48 - INFO - Разница: 0:01:35.677306
2025-12-03 12:34:48 - INFO - Сессия, True
2025-12-03 12:34:48 - INFO - Время жизни сессии обновлено
2025-12-03 14:46:54 - INFO - HTTP Request: GET https://accounts.google.com/.well-known/openid-configuration "HTTP/1.1 200 OK"
2025-12-03 14:46:56 - INFO - HTTP Request: POST https://oauth2.googleapis.com/token "HTTP/1.1 200 OK"
2025-12-03 14:46:57 - INFO - HTTP Request: GET https://www.googleapis.com/oauth2/v3/certs "HTTP/1.1 200 OK"
2025-12-03 14:46:57 - INFO - Пользователь, True
2025-12-03 14:46:57 - INFO - Сессия, True
2025-12-03 14:46:57 - INFO - последний заход привёдёный к uts, 2025-12-03 09:34:48.653621+00:00
2025-12-03 14:46:57 - INFO - Разница: 2:12:08.886423
2025-12-03 14:46:57 - ERROR - Ошибка обновления действености сесии: Unconsumed column names: is_cureent
2025-12-03 14:46:57 - INFO - Сессия добавлена
2025-12-03 14:46:57 - INFO - Время жизни сессии обновлено
2025-12-03 14:47:56 - INFO - HTTP Request: GET https://accounts.google.com/.well-known/openid-configuration "HTTP/1.1 200 OK"
2025-12-03 14:47:57 - INFO - HTTP Request: POST https://oauth2.googleapis.com/token "HTTP/1.1 200 OK"
2025-12-03 14:47:57 - INFO - HTTP Request: GET https://www.googleapis.com/oauth2/v3/certs "HTTP/1.1 200 OK"
2025-12-03 14:47:57 - INFO - Пользователь, True
2025-12-03 14:47:57 - INFO - Сессия, True
2025-12-03 14:47:57 - INFO - последний заход привёдёный к uts, 2025-12-03 09:34:48.653621+00:00
2025-12-03 14:47:57 - INFO - Разница: 2:13:09.301763
2025-12-03 14:47:57 - INFO - Сессия добавлена
2025-12-03 14:47:57 - INFO - Время жизни сессии обновлено
2025-12-03 14:49:10 - INFO - HTTP Request: POST https://oauth2.googleapis.com/token "HTTP/1.1 200 OK"
2025-12-03 14:49:10 - INFO - Пользователь, True
2025-12-03 14:49:10 - INFO - Сессия, True
2025-12-03 14:49:10 - INFO - последний заход привёдёный к uts, 2025-12-03 11:47:57.981713+00:00
2025-12-03 14:49:10 - INFO - Разница: 0:01:12.545786
2025-12-03 14:49:10 - INFO - Время жизни сессии обновлено
2025-12-03 14:54:42 - INFO - HTTP Request: GET https://accounts.google.com/.well-known/openid-configuration "HTTP/1.1 200 OK"
2025-12-03 14:54:44 - INFO - HTTP Request: POST https://oauth2.googleapis.com/token "HTTP/1.1 200 OK"
2025-12-03 14:54:44 - INFO - HTTP Request: GET https://www.googleapis.com/oauth2/v3/certs "HTTP/1.1 200 OK"
2025-12-03 14:54:44 - INFO - Пользователь, False
2025-12-03 14:54:44 - INFO - Пользователь успешно добавлен
2025-12-03 14:54:44 - INFO - Сессия, False
2025-12-03 14:56:18 - INFO - HTTP Request: POST https://oauth2.googleapis.com/token "HTTP/1.1 200 OK"
2025-12-03 14:56:18 - INFO - Пользователь, True
2025-12-03 14:56:18 - INFO - Сессия, False
2025-12-03 14:58:45 - INFO - HTTP Request: GET https://accounts.google.com/.well-known/openid-configuration "HTTP/1.1 200 OK"
2025-12-03 14:58:46 - INFO - HTTP Request: POST https://oauth2.googleapis.com/token "HTTP/1.1 200 OK"
2025-12-03 14:58:47 - INFO - HTTP Request: GET https://www.googleapis.com/oauth2/v3/certs "HTTP/1.1 200 OK"
2025-12-03 14:58:47 - INFO - Пользователь, True
2025-12-03 14:58:47 - INFO - Сессия, False
2025-12-03 15:02:09 - INFO - HTTP Request: POST https://oauth2.googleapis.com/token "HTTP/1.1 200 OK"
2025-12-03 15:02:09 - INFO - Пользователь, True
2025-12-03 15:02:09 - INFO - Сессия, False
2025-12-03 15:02:14 - INFO - HTTP Request: POST https://oauth2.googleapis.com/token "HTTP/1.1 200 OK"
2025-12-03 15:02:14 - INFO - Пользователь, True
2025-12-03 15:02:14 - INFO - Сессия, False
2025-12-03 15:21:06 - INFO - HTTP Request: GET https://accounts.google.com/.well-known/openid-configuration "HTTP/1.1 200 OK"
2025-12-03 15:21:08 - INFO - HTTP Request: POST https://oauth2.googleapis.com/token "HTTP/1.1 200 OK"
2025-12-03 15:21:08 - INFO - HTTP Request: GET https://www.googleapis.com/oauth2/v3/certs "HTTP/1.1 200 OK"
2025-12-03 15:21:08 - INFO - Пользователь, True
2025-12-03 15:21:08 - INFO - Сессия, False
2025-12-03 15:21:08 - INFO - Сессия добавлена
2025-12-03 15:21:08 - INFO - Время жизни сессии обновлено
2025-12-03 15:22:39 - INFO - HTTP Request: GET https://accounts.google.com/.well-known/openid-configuration "HTTP/1.1 200 OK"
2025-12-03 15:22:40 - INFO - HTTP Request: POST https://oauth2.googleapis.com/token "HTTP/1.1 200 OK"
2025-12-03 15:22:41 - INFO - HTTP Request: GET https://www.googleapis.com/oauth2/v3/certs "HTTP/1.1 200 OK"
2025-12-03 15:22:41 - INFO - Пользователь, False
2025-12-03 15:22:41 - INFO - Пользователь успешно добавлен
2025-12-03 15:22:41 - INFO - Сессия, False
2025-12-03 15:22:41 - INFO - Сессия добавлена
2025-12-03 15:22:41 - INFO - Время жизни сессии обновлено
2025-12-03 15:23:07 - INFO - Время жизни сессии обновлено
2025-12-03 15:31:38 - INFO - HTTP Request: POST https://oauth2.googleapis.com/token "HTTP/1.1 200 OK"
2025-12-03 15:31:38 - INFO - Пользователь, True
2025-12-03 15:31:38 - INFO - Сессия, True
2025-12-03 15:31:38 - INFO - последний заход привёдёный к uts, 2025-12-03 12:23:07+00:00
2025-12-03 15:31:38 - INFO - Разница: 0:08:31.233394
2025-12-03 15:31:38 - INFO - Время жизни сессии обновлено
2025-12-03 15:40:56 - INFO - HTTP Request: GET https://accounts.google.com/.well-known/openid-configuration "HTTP/1.1 200 OK"
2025-12-03 15:44:55 - INFO - HTTP Request: GET https://accounts.google.com/.well-known/openid-configuration "HTTP/1.1 200 OK"
2025-12-03 15:44:56 - INFO - HTTP Request: POST https://oauth2.googleapis.com/token "HTTP/1.1 200 OK"
2025-12-03 15:44:57 - INFO - HTTP Request: GET https://www.googleapis.com/oauth2/v3/certs "HTTP/1.1 200 OK"
2025-12-03 15:44:57 - INFO - Пользователь, True
2025-12-03 15:44:57 - INFO - Сессия, False
2025-12-03 15:44:57 - INFO - Сессия добавлена
2025-12-03 15:44:57 - INFO - Время жизни сессии обновлено
2025-12-03 15:45:26 - INFO - Время жизни сессии обновлено
2025-12-03 15:45:29 - INFO - Время жизни сессии обновлено
2025-12-03 16:07:49 - INFO - HTTP Request: GET https://accounts.google.com/.well-known/openid-configuration "HTTP/1.1 200 OK"
2025-12-03 16:07:50 - INFO - HTTP Request: POST https://oauth2.googleapis.com/token "HTTP/1.1 200 OK"
2025-12-03 16:07:51 - INFO - HTTP Request: GET https://www.googleapis.com/oauth2/v3/certs "HTTP/1.1 200 OK"
2025-12-03 16:07:51 - INFO - Пользователь, True
2025-12-03 16:07:51 - INFO - Сессия, False
2025-12-03 16:07:51 - INFO - Сессия добавлена
2025-12-03 16:07:51 - INFO - Время жизни сессии обновлено
2025-12-03 16:17:07 - INFO - HTTP Request: GET https://accounts.google.com/.well-known/openid-configuration "HTTP/1.1 200 OK"
2025-12-03 16:18:09 - INFO - HTTP Request: GET https://accounts.google.com/.well-known/openid-configuration "HTTP/1.1 200 OK"
2025-12-03 16:20:16 - INFO - HTTP Request: GET https://accounts.google.com/.well-known/openid-configuration "HTTP/1.1 200 OK"
2025-12-03 16:20:18 - INFO - HTTP Request: POST https://oauth2.googleapis.com/token "HTTP/1.1 200 OK"
2025-12-03 16:20:18 - INFO - HTTP Request: GET https://www.googleapis.com/oauth2/v3/certs "HTTP/1.1 200 OK"
2025-12-03 16:20:18 - INFO - Пользователь, True
2025-12-03 16:20:18 - INFO - Сессия, False
2025-12-03 16:20:18 - INFO - Сессия добавлена
2025-12-03 16:20:18 - INFO - Время жизни сессии обновлено
2025-12-03 16:20:51 - INFO - HTTP Request: GET https://accounts.google.com/.well-known/openid-configuration "HTTP/1.1 200 OK"
2025-12-03 16:20:52 - INFO - HTTP Request: POST https://oauth2.googleapis.com/token "HTTP/1.1 200 OK"
2025-12-03 16:20:53 - INFO - HTTP Request: GET https://www.googleapis.com/oauth2/v3/certs "HTTP/1.1 200 OK"
2025-12-03 16:20:53 - INFO - Пользователь, True
2025-12-03 16:20:53 - INFO - Сессия, False
2025-12-03 16:20:53 - INFO - Сессия добавлена
2025-12-03 16:20:53 - INFO - Время жизни сессии обновлено
2025-12-03 16:21:14 - INFO - Время жизни сессии обновлено
2025-12-03 16:38:03 - INFO - HTTP Request: GET https://accounts.google.com/.well-known/openid-configuration "HTTP/1.1 200 OK"
2025-12-03 16:38:04 - INFO - HTTP Request: POST https://oauth2.googleapis.com/token "HTTP/1.1 200 OK"
2025-12-03 16:38:05 - INFO - HTTP Request: GET https://www.googleapis.com/oauth2/v3/certs "HTTP/1.1 200 OK"
2025-12-03 16:38:05 - INFO - Пользователь, True
2025-12-03 16:38:05 - INFO - Сессия, True
2025-12-03 16:38:05 - INFO - последний заход привёдёный к uts, 2025-12-03 13:21:14+00:00
2025-12-03 16:38:05 - INFO - Разница: 0:16:51.191438
2025-12-03 16:38:38 - INFO - HTTP Request: GET https://accounts.google.com/.well-known/openid-configuration "HTTP/1.1 200 OK"
2025-12-03 16:38:39 - INFO - HTTP Request: POST https://oauth2.googleapis.com/token "HTTP/1.1 200 OK"
2025-12-03 16:38:39 - INFO - HTTP Request: GET https://www.googleapis.com/oauth2/v3/certs "HTTP/1.1 200 OK"
2025-12-03 16:38:39 - INFO - Пользователь, True
2025-12-03 16:38:39 - INFO - Сессия, True
2025-12-03 16:38:39 - INFO - последний заход привёдёный к uts, 2025-12-03 13:21:14+00:00
2025-12-03 16:38:39 - INFO - Разница: 0:17:25.793849
2025-12-03 16:38:39 - INFO - Время жизни сессии обновлено
2025-12-03 16:38:44 - INFO - Время жизни сессии обновлено
2025-12-03 16:38:51 - INFO - Время жизни сессии обновлено
2025-12-03 16:38:52 - INFO - Время жизни сессии обновлено
2025-12-03 16:42:40 - INFO - HTTP Request: GET https://accounts.google.com/.well-known/openid-configuration "HTTP/1.1 200 OK"
2025-12-03 16:42:41 - INFO - HTTP Request: POST https://oauth2.googleapis.com/token "HTTP/1.1 200 OK"
2025-12-03 16:42:42 - INFO - HTTP Request: GET https://www.googleapis.com/oauth2/v3/certs "HTTP/1.1 200 OK"
2025-12-03 16:42:42 - INFO - Пользователь, True
2025-12-03 16:42:42 - INFO - Сессия, True
2025-12-03 16:42:42 - INFO - последний заход привёдёный к uts, 2025-12-03 13:38:52+00:00
2025-12-03 16:42:42 - INFO - Разница: 0:03:50.316418
2025-12-03 16:42:42 - INFO - Время жизни сессии обновлено
2025-12-03 16:42:46 - INFO - Время жизни сессии обновлено
2025-12-03 16:42:49 - INFO - Время жизни сессии обновлено
2025-12-03 16:42:53 - INFO - Время жизни сессии обновлено
2025-12-03 17:17:33 - INFO - HTTP Request: GET https://accounts.google.com/.well-known/openid-configuration "HTTP/1.1 200 OK"
2025-12-03 17:17:34 - INFO - HTTP Request: POST https://oauth2.googleapis.com/token "HTTP/1.1 200 OK"
2025-12-03 17:17:34 - INFO - HTTP Request: GET https://www.googleapis.com/oauth2/v3/certs "HTTP/1.1 200 OK"
2025-12-03 17:17:34 - INFO - Пользователь, False
2025-12-03 17:17:34 - INFO - Пользователь успешно добавлен
2025-12-03 17:17:34 - INFO - Сессия, False
2025-12-03 17:17:34 - INFO - Сессия добавлена
2025-12-03 17:17:34 - INFO - Время жизни сессии обновлено
2025-12-03 17:17:37 - INFO - Время жизни сессии обновлено
2025-12-03 17:34:55 - INFO - HTTP Request: GET https://accounts.google.com/.well-known/openid-configuration "HTTP/1.1 200 OK"
2025-12-03 17:34:57 - INFO - HTTP Request: POST https://oauth2.googleapis.com/token "HTTP/1.1 200 OK"
2025-12-03 17:34:57 - INFO - HTTP Request: GET https://www.googleapis.com/oauth2/v3/certs "HTTP/1.1 200 OK"
2025-12-03 17:34:57 - INFO - Пользователь, False
2025-12-03 17:34:57 - INFO - Пользователь успешно добавлен
2025-12-03 17:35:32 - INFO - HTTP Request: GET https://accounts.google.com/.well-known/openid-configuration "HTTP/1.1 200 OK"
2025-12-03 17:35:34 - INFO - HTTP Request: POST https://oauth2.googleapis.com/token "HTTP/1.1 200 OK"
2025-12-03 17:35:34 - INFO - HTTP Request: GET https://www.googleapis.com/oauth2/v3/certs "HTTP/1.1 200 OK"
2025-12-03 17:35:34 - INFO - Пользователь, True
2025-12-03 17:36:55 - INFO - HTTP Request: GET https://accounts.google.com/.well-known/openid-configuration "HTTP/1.1 200 OK"
2025-12-03 17:36:56 - INFO - HTTP Request: POST https://oauth2.googleapis.com/token "HTTP/1.1 200 OK"
2025-12-03 17:36:57 - INFO - HTTP Request: GET https://www.googleapis.com/oauth2/v3/certs "HTTP/1.1 200 OK"
2025-12-03 17:36:57 - INFO - Пользователь, True
2025-12-03 17:43:09 - INFO - HTTP Request: GET https://accounts.google.com/.well-known/openid-configuration "HTTP/1.1 200 OK"
2025-12-03 17:43:11 - INFO - HTTP Request: POST https://oauth2.googleapis.com/token "HTTP/1.1 200 OK"
2025-12-03 17:43:11 - INFO - HTTP Request: GET https://www.googleapis.com/oauth2/v3/certs "HTTP/1.1 200 OK"
2025-12-03 17:43:11 - INFO - Пользователь, True
2025-12-03 17:43:57 - INFO - HTTP Request: GET https://accounts.google.com/.well-known/openid-configuration "HTTP/1.1 200 OK"
2025-12-03 17:43:59 - INFO - HTTP Request: POST https://oauth2.googleapis.com/token "HTTP/1.1 200 OK"
2025-12-03 17:43:59 - INFO - HTTP Request: GET https://www.googleapis.com/oauth2/v3/certs "HTTP/1.1 200 OK"
2025-12-03 17:43:59 - INFO - Пользователь, True
2025-12-03 17:44:27 - INFO - HTTP Request: GET https://accounts.google.com/.well-known/openid-configuration "HTTP/1.1 200 OK"
2025-12-03 17:44:29 - INFO - HTTP Request: POST https://oauth2.googleapis.com/token "HTTP/1.1 200 OK"
2025-12-03 17:44:29 - INFO - HTTP Request: GET https://www.googleapis.com/oauth2/v3/certs "HTTP/1.1 200 OK"
2025-12-03 17:44:29 - INFO - Пользователь, True
2025-12-03 17:44:29 - INFO - Сессия добавлена
2025-12-03 17:44:29 - INFO - Время жизни сессии обновлено
2025-12-03 17:44:45 - INFO - Время жизни сессии обновлено
2025-12-03 17:44:47 - INFO - HTTP Request: POST https://oauth2.googleapis.com/token "HTTP/1.1 200 OK"
2025-12-03 17:44:47 - INFO - Пользователь, True
2025-12-03 17:44:47 - INFO - последний заход привёдёный к uts, 2025-12-03 14:44:45+00:00
2025-12-03 17:44:47 - INFO - Разница: 0:00:02.251702
2025-12-03 17:44:47 - INFO - Время жизни сессии обновлено
2025-12-03 17:44:48 - INFO - Время жизни сессии обновлено
2025-12-03 17:44:50 - INFO - HTTP Request: POST https://oauth2.googleapis.com/token "HTTP/1.1 200 OK"
2025-12-03 17:44:50 - INFO - Пользователь, True
2025-12-03 17:44:50 - INFO - последний заход привёдёный к uts, 2025-12-03 14:44:49+00:00
2025-12-03 17:44:50 - INFO - Разница: 0:00:01.388052
2025-12-03 17:44:50 - INFO - Время жизни сессии обновлено
2025-12-03 17:44:52 - INFO - Время жизни сессии обновлено
2025-12-03 17:46:04 - INFO - Время жизни сессии обновлено
2025-12-03 17:46:22 - INFO - HTTP Request: GET https://accounts.google.com/.well-known/openid-configuration "HTTP/1.1 200 OK"
2025-12-03 17:46:23 - INFO - HTTP Request: POST https://oauth2.googleapis.com/token "HTTP/1.1 200 OK"
2025-12-03 17:46:24 - INFO - HTTP Request: GET https://www.googleapis.com/oauth2/v3/certs "HTTP/1.1 200 OK"
2025-12-03 17:46:24 - INFO - Пользователь, True
2025-12-03 17:46:24 - INFO - последний заход привёдёный к uts, 2025-12-03 14:46:04+00:00
2025-12-03 17:46:24 - INFO - Разница: 0:00:20.448712
2025-12-03 17:46:24 - INFO - Время жизни сессии обновлено
2025-12-03 17:46:25 - INFO - Время жизни сессии обновлено
2025-12-03 17:48:24 - INFO - Время жизни сессии обновлено
2025-12-03 17:48:26 - INFO - Время жизни сессии обновлено
2025-12-03 17:49:23 - INFO - Время жизни сессии обновлено
2025-12-03 17:49:23 - INFO - последний заход привёдёный к uts, 2025-12-03 14:49:24+00:00
2025-12-03 17:49:23 - INFO - Разница: -1 day, 23:59:59.930480
2025-12-03 17:49:45 - INFO - HTTP Request: GET https://accounts.google.com/.well-known/openid-configuration "HTTP/1.1 200 OK"
2025-12-03 17:49:46 - INFO - HTTP Request: POST https://oauth2.googleapis.com/token "HTTP/1.1 200 OK"
2025-12-03 17:49:47 - INFO - HTTP Request: GET https://www.googleapis.com/oauth2/v3/certs "HTTP/1.1 200 OK"
2025-12-03 17:49:47 - INFO - Пользователь, False
2025-12-03 17:49:47 - INFO - Пользователь успешно добавлен
2025-12-03 17:49:47 - INFO - Сессия добавлена
2025-12-03 17:49:47 - INFO - Время жизни сессии обновлено
2025-12-03 17:50:08 - INFO - Время жизни сессии обновлено
2025-12-03 17:50:08 - INFO - последний заход привёдёный к uts, 2025-12-03 14:50:08+00:00
2025-12-03 17:50:08 - INFO - Разница: 0:00:00.089269
2025-12-03 17:50:16 - INFO - Время жизни сессии обновлено
2025-12-03 18:03:53 - INFO - HTTP Request: GET https://accounts.google.com/.well-known/openid-configuration "HTTP/1.1 200 OK"
2025-12-03 18:03:55 - INFO - HTTP Request: POST https://oauth2.googleapis.com/token "HTTP/1.1 200 OK"
2025-12-03 18:03:55 - INFO - HTTP Request: GET https://www.googleapis.com/oauth2/v3/certs "HTTP/1.1 200 OK"
2025-12-03 18:03:55 - INFO - Пользователь, True
2025-12-03 18:03:55 - INFO - последний заход привёдёный к uts, 2025-12-03 14:50:16+00:00
2025-12-03 18:03:55 - INFO - Разница: 0:13:39.657330
2025-12-03 18:03:55 - INFO - Время жизни сессии обновлено
2025-12-03 18:03:57 - INFO - Время жизни сессии обновлено
2025-12-03 18:03:57 - INFO - последний заход привёдёный к uts, 2025-12-03 15:03:57+00:00
2025-12-03 18:03:57 - INFO - Разница: 0:00:00.288004
2025-12-03 18:07:43 - INFO - Время жизни сессии обновлено
2025-12-03 18:07:44 - INFO - Время жизни сессии обновлено
2025-12-03 18:07:44 - INFO - последний заход привёдёный к uts, 2025-12-03 15:07:45+00:00
2025-12-03 18:07:44 - INFO - Разница: -1 day, 23:59:59.832155
2025-12-03 18:07:44 - ERROR - Ошибка получения данных пользователя: awatar
2025-12-03 18:09:20 - INFO - Время жизни сессии обновлено
2025-12-03 18:09:20 - INFO - последний заход привёдёный к uts, 2025-12-03 15:09:21+00:00
2025-12-03 18:09:20 - INFO - Разница: -1 day, 23:59:59.979475
2025-12-03 18:09:20 - ERROR - Ошибка получения данных пользователя: user_id
2025-12-03 18:09:53 - INFO - Время жизни сессии обновлено
2025-12-03 18:09:53 - INFO - последний заход привёдёный к uts, 2025-12-03 15:09:53+00:00
2025-12-03 18:09:53 - INFO - Разница: 0:00:00.498931
2025-12-03 18:12:20 - INFO - Время жизни сессии обновлено
2025-12-03 18:12:21 - INFO - Время жизни сессии обновлено
2025-12-03 18:12:21 - INFO - последний заход привёдёный к uts, 2025-12-03 15:12:22+00:00
2025-12-03 18:12:21 - INFO - Разница: -1 day, 23:59:59.606849
2025-12-03 18:13:13 - INFO - Время жизни сессии обновлено
2025-12-03 18:13:13 - INFO - последний заход привёдёный к uts, 2025-12-03 15:13:13+00:00
2025-12-03 18:13:13 - INFO - Разница: 0:00:00.316003
2025-12-03 18:13:28 - INFO - Время жизни сессии обновлено
2025-12-03 18:13:28 - INFO - последний заход привёдёный к uts, 2025-12-03 15:13:29+00:00
2025-12-03 18:13:28 - INFO - Разница: -1 day, 23:59:59.913980
2025-12-03 18:13:38 - INFO - Время жизни сессии обновлено
2025-12-03 18:13:38 - INFO - последний заход привёдёный к uts, 2025-12-03 15:13:39+00:00
2025-12-03 18:13:38 - INFO - Разница: -1 day, 23:59:59.846362
2025-12-03 18:14:02 - INFO - Время жизни сессии обновлено
2025-12-03 18:14:04 - INFO - Время жизни сессии обновлено
2025-12-03 18:14:04 - INFO - последний заход привёдёный к uts, 2025-12-03 15:14:05+00:00
2025-12-03 18:14:04 - INFO - Разница: -1 day, 23:59:59.602085
2025-12-03 18:17:37 - INFO - Время жизни сессии обновлено
2025-12-03 18:17:38 - INFO - Время жизни сессии обновлено
2025-12-03 18:17:38 - INFO - последний заход привёдёный к uts, 2025-12-03 15:17:39+00:00
2025-12-03 18:17:38 - INFO - Разница: -1 day, 23:59:59.836381
2025-12-03 18:17:54 - INFO - HTTP Request: GET https://accounts.google.com/.well-known/openid-configuration "HTTP/1.1 200 OK"
2025-12-03 18:17:55 - INFO - HTTP Request: POST https://oauth2.googleapis.com/token "HTTP/1.1 200 OK"
2025-12-03 18:17:55 - INFO - HTTP Request: GET https://www.googleapis.com/oauth2/v3/certs "HTTP/1.1 200 OK"
2025-12-03 18:17:55 - INFO - Пользователь, True
2025-12-03 18:17:55 - INFO - последний заход привёдёный к uts, 2025-12-03 15:17:39+00:00
2025-12-03 18:17:55 - INFO - Разница: 0:00:16.981264
2025-12-03 18:17:56 - INFO - Время жизни сессии обновлено
2025-12-03 18:18:36 - INFO - HTTP Request: POST https://oauth2.googleapis.com/token "HTTP/1.1 200 OK"
2025-12-03 18:18:36 - INFO - Пользователь, True
2025-12-03 18:18:36 - INFO - последний заход привёдёный к uts, 2025-12-03 15:17:56+00:00
2025-12-03 18:18:36 - INFO - Разница: 0:00:40.922500
2025-12-03 18:18:36 - INFO - Время жизни сессии обновлено
2025-12-03 18:18:39 - INFO - Время жизни сессии обновлено
2025-12-03 18:18:39 - INFO - последний заход привёдёный к uts, 2025-12-03 15:18:39+00:00
2025-12-03 18:18:39 - INFO - Разница: 0:00:00.097436
2025-12-03 18:18:40 - INFO - Время жизни сессии обновлено
2025-12-03 18:20:38 - INFO - HTTP Request: GET https://accounts.google.com/.well-known/openid-configuration "HTTP/1.1 200 OK"
2025-12-03 18:20:39 - INFO - HTTP Request: POST https://oauth2.googleapis.com/token "HTTP/1.1 200 OK"
2025-12-03 18:20:40 - INFO - HTTP Request: GET https://www.googleapis.com/oauth2/v3/certs "HTTP/1.1 200 OK"
2025-12-03 18:20:40 - INFO - Пользователь, True
2025-12-03 18:20:40 - INFO - последний заход привёдёный к uts, 2025-12-03 15:18:41+00:00
2025-12-03 18:20:40 - INFO - Разница: 0:01:59.052886
2025-12-03 18:20:40 - INFO - Время жизни сессии обновлено
2025-12-03 18:20:40 - INFO - последний заход привёдёный к uts, 2025-12-03 15:20:40+00:00
2025-12-03 18:20:40 - INFO - Разница: 0:00:00.126975
2025-12-03 18:20:45 - INFO - Время жизни сессии обновлено
2025-12-03 18:20:45 - INFO - последний заход привёдёный к uts, 2025-12-03 15:20:45+00:00
2025-12-03 18:20:45 - INFO - Разница: 0:00:00.392723
2025-12-03 18:20:47 - INFO - Время жизни сессии обновлено
2025-12-03 18:20:47 - INFO - последний заход привёдёный к uts, 2025-12-03 15:20:48+00:00
2025-12-03 18:20:47 - INFO - Разница: -1 day, 23:59:59.851654
2025-12-03 18:20:50 - INFO - Время жизни сессии обновлено
2025-12-03 18:20:50 - INFO - последний заход привёдёный к uts, 2025-12-03 15:20:50+00:00
2025-12-03 18:20:50 - INFO - Разница: 0:00:00.403484
2025-12-03 18:21:08 - INFO - Время жизни сессии обновлено
2025-12-03 18:21:08 - INFO - последний заход привёдёный к uts, 2025-12-03 15:21:09+00:00
2025-12-03 18:21:08 - INFO - Разница: -1 day, 23:59:59.591529
2025-12-03 18:21:27 - INFO - HTTP Request: POST https://oauth2.googleapis.com/token "HTTP/1.1 200 OK"
2025-12-03 18:21:27 - INFO - Пользователь, True
2025-12-03 18:21:27 - INFO - последний заход привёдёный к uts, 2025-12-03 15:21:09+00:00
2025-12-03 18:21:27 - INFO - Разница: 0:00:18.862349
2025-12-03 18:21:27 - INFO - Время жизни сессии обновлено
2025-12-03 18:21:27 - INFO - последний заход привёдёный к uts, 2025-12-03 15:21:28+00:00
2025-12-03 18:21:27 - INFO - Разница: -1 day, 23:59:59.896135
2025-12-03 18:21:37 - INFO - Время жизни сессии обновлено
2025-12-03 18:21:41 - INFO - HTTP Request: POST https://oauth2.googleapis.com/token "HTTP/1.1 200 OK"
2025-12-03 18:21:41 - INFO - Пользователь, True
2025-12-03 18:21:41 - INFO - последний заход привёдёный к uts, 2025-12-03 15:21:38+00:00
2025-12-03 18:21:41 - INFO - Разница: 0:00:03.881432
2025-12-03 18:21:41 - INFO - Время жизни сессии обновлено
2025-12-03 18:21:41 - INFO - последний заход привёдёный к uts, 2025-12-03 15:21:42+00:00
2025-12-03 18:21:41 - INFO - Разница: -1 day, 23:59:59.928479
2025-12-03 18:21:43 - INFO - Время жизни сессии обновлено
2025-12-03 18:21:43 - INFO - последний заход привёдёный к uts, 2025-12-03 15:21:44+00:00
2025-12-03 18:21:43 - INFO - Разница: -1 day, 23:59:59.717388
2025-12-03 18:21:45 - INFO - Время жизни сессии обновлено
2025-12-03 18:21:45 - INFO - последний заход привёдёный к uts, 2025-12-03 15:21:46+00:00
2025-12-03 18:21:45 - INFO - Разница: -1 day, 23:59:59.580326
2025-12-03 18:22:44 - INFO - HTTP Request: POST https://oauth2.googleapis.com/token "HTTP/1.1 200 OK"
2025-12-03 18:22:44 - INFO - Пользователь, True
2025-12-03 18:22:44 - INFO - последний заход привёдёный к uts, 2025-12-03 15:21:46+00:00
2025-12-03 18:22:44 - INFO - Разница: 0:00:58.571925
2025-12-03 18:22:44 - INFO - Время жизни сессии обновлено
2025-12-03 18:22:44 - INFO - последний заход привёдёный к uts, 2025-12-03 15:22:45+00:00
2025-12-03 18:22:44 - INFO - Разница: -1 day, 23:59:59.599921
2025-12-03 18:22:45 - INFO - Время жизни сессии обновлено
2025-12-03 18:22:45 - INFO - последний заход привёдёный к uts, 2025-12-03 15:22:45+00:00
2025-12-03 18:22:45 - INFO - Разница: 0:00:00.471287
2025-12-03 18:31:29 - INFO - HTTP Request: GET https://accounts.google.com/.well-known/openid-configuration "HTTP/1.1 200 OK"
2025-12-03 18:31:31 - INFO - HTTP Request: POST https://oauth2.googleapis.com/token "HTTP/1.1 200 OK"
2025-12-03 18:31:31 - INFO - HTTP Request: GET https://www.googleapis.com/oauth2/v3/certs "HTTP/1.1 200 OK"
2025-12-03 18:31:31 - INFO - Пользователь, False
2025-12-03 18:31:31 - INFO - Пользователь успешно добавлен
2025-12-03 18:31:31 - INFO - Сессия добавлена
2025-12-03 18:31:31 - INFO - Время жизни сессии обновлено
2025-12-03 18:31:31 - INFO - последний заход привёдёный к uts, 2025-12-03 15:31:32+00:00
2025-12-03 18:31:31 - INFO - Разница: -1 day, 23:59:59.711485
2025-12-03 18:32:32 - INFO - Время жизни сессии обновлено
2025-12-03 18:32:32 - INFO - последний заход привёдёный к uts, 2025-12-03 15:32:33+00:00
2025-12-03 18:32:32 - INFO - Разница: -1 day, 23:59:59.705800
2025-12-03 18:32:34 - INFO - Время жизни сессии обновлено
2025-12-03 18:32:36 - INFO - HTTP Request: POST https://oauth2.googleapis.com/token "HTTP/1.1 200 OK"
2025-12-03 18:32:36 - INFO - Пользователь, True
2025-12-03 18:32:36 - INFO - последний заход привёдёный к uts, 2025-12-03 15:32:35+00:00
2025-12-03 18:32:36 - INFO - Разница: 0:00:01.778702
2025-12-03 18:32:36 - INFO - Время жизни сессии обновлено
2025-12-03 18:32:37 - INFO - последний заход привёдёный к uts, 2025-12-03 15:32:37+00:00
2025-12-03 18:32:37 - INFO - Разница: 0:00:00.002927
2025-12-03 18:32:37 - INFO - Время жизни сессии обновлено
2025-12-03 18:32:37 - INFO - последний заход привёдёный к uts, 2025-12-03 15:32:38+00:00
2025-12-03 18:32:37 - INFO - Разница: -1 day, 23:59:59.974243
2025-12-03 18:32:51 - INFO - HTTP Request: POST https://oauth2.googleapis.com/token "HTTP/1.1 200 OK"
2025-12-03 18:32:51 - INFO - Пользователь, True
2025-12-03 18:32:51 - INFO - Сессия добавлена
2025-12-03 18:32:51 - INFO - Время жизни сессии обновлено
2025-12-03 18:32:51 - INFO - последний заход привёдёный к uts, 2025-12-03 15:32:52+00:00
2025-12-03 18:32:51 - INFO - Разница: -1 day, 23:59:59.810187
2025-12-03 18:32:54 - INFO - Время жизни сессии обновлено
2025-12-03 18:32:54 - INFO - последний заход привёдёный к uts, 2025-12-03 15:32:54+00:00
2025-12-03 18:32:54 - INFO - Разница: 0:00:00.329782
2025-12-03 18:33:00 - INFO - Время жизни сессии обновлено
2025-12-03 18:33:00 - INFO - последний заход привёдёный к uts, 2025-12-03 15:33:00+00:00
2025-12-03 18:33:00 - INFO - Разница: 0:00:00.493921
2025-12-03 18:33:19 - INFO - HTTP Request: POST https://oauth2.googleapis.com/token "HTTP/1.1 200 OK"
2025-12-03 18:33:19 - INFO - Пользователь, True
2025-12-03 18:33:19 - INFO - Сессия добавлена
2025-12-03 18:33:19 - INFO - Время жизни сессии обновлено
2025-12-03 18:33:19 - INFO - последний заход привёдёный к uts, 2025-12-03 15:33:20+00:00
2025-12-03 18:33:19 - INFO - Разница: -1 day, 23:59:59.883703
2025-12-03 18:33:21 - INFO - Время жизни сессии обновлено
2025-12-03 18:33:21 - INFO - последний заход привёдёный к uts, 2025-12-03 15:33:22+00:00
2025-12-03 18:33:21 - INFO - Разница: -1 day, 23:59:59.958037
2025-12-03 18:35:40 - INFO - HTTP Request: GET https://accounts.google.com/.well-known/openid-configuration "HTTP/1.1 200 OK"
2025-12-03 18:35:41 - INFO - HTTP Request: POST https://oauth2.googleapis.com/token "HTTP/1.1 200 OK"
2025-12-03 18:35:42 - INFO - HTTP Request: GET https://www.googleapis.com/oauth2/v3/certs "HTTP/1.1 200 OK"
2025-12-03 18:35:42 - INFO - Пользователь, True
2025-12-03 18:35:42 - INFO - последний заход привёдёный к uts, 2025-12-03 15:33:22+00:00
2025-12-03 18:35:42 - INFO - Разница: 0:02:20.094653
2025-12-03 18:35:42 - INFO - Время сессии вышло
2025-12-03 18:35:42 - INFO - Сессия добавлена
2025-12-03 18:35:42 - INFO - Время жизни сессии обновлено
2025-12-03 18:35:42 - INFO - последний заход привёдёный к uts, 2025-12-03 15:35:42+00:00
2025-12-03 18:35:42 - INFO - Разница: 0:00:00.127517
2025-12-03 18:35:43 - INFO - Время жизни сессии обновлено
2025-12-03 18:35:43 - INFO - последний заход привёдёный к uts, 2025-12-03 15:35:44+00:00
2025-12-03 18:35:43 - INFO - Разница: -1 day, 23:59:59.783192
2025-12-03 18:38:02 - INFO - HTTP Request: POST https://oauth2.googleapis.com/token "HTTP/1.1 200 OK"
2025-12-03 18:38:02 - INFO - Пользователь, True
2025-12-03 18:38:02 - INFO - последний заход привёдёный к uts, 2025-12-03 15:35:44+00:00
2025-12-03 18:38:02 - INFO - Разница: 0:02:18.792605
2025-12-03 18:38:02 - INFO - Время сессии вышло
2025-12-03 18:38:02 - INFO - Сессия добавлена
2025-12-03 18:38:02 - INFO - Время жизни сессии обновлено
2025-12-03 18:38:02 - INFO - последний заход привёдёный к uts, 2025-12-03 15:38:03+00:00
2025-12-03 18:38:02 - INFO - Разница: -1 day, 23:59:59.822412
2025-12-03 18:38:58 - INFO - HTTP Request: GET https://accounts.google.com/.well-known/openid-configuration "HTTP/1.1 200 OK"
2025-12-03 18:39:00 - INFO - HTTP Request: POST https://oauth2.googleapis.com/token "HTTP/1.1 200 OK"
2025-12-03 18:39:00 - INFO - HTTP Request: GET https://www.googleapis.com/oauth2/v3/certs "HTTP/1.1 200 OK"
2025-12-03 18:39:00 - INFO - Пользователь, True
2025-12-03 18:39:00 - INFO - Время жизни сессии обновлено
2025-12-03 18:39:02 - INFO - Время жизни сессии обновлено
2025-12-03 18:39:22 - INFO - HTTP Request: GET https://accounts.google.com/.well-known/openid-configuration "HTTP/1.1 200 OK"
2025-12-03 18:39:24 - INFO - HTTP Request: POST https://oauth2.googleapis.com/token "HTTP/1.1 200 OK"
2025-12-03 18:39:24 - INFO - HTTP Request: GET https://www.googleapis.com/oauth2/v3/certs "HTTP/1.1 200 OK"
2025-12-03 18:39:24 - INFO - Пользователь, True
2025-12-03 18:39:24 - INFO - Время жизни сессии обновлено
2025-12-03 18:39:30 - INFO - Время жизни сессии обновлено
2025-12-03 18:39:38 - INFO - Время жизни сессии обновлено
2025-12-03 18:39:41 - INFO - Время жизни сессии обновлено
2025-12-03 18:39:44 - INFO - Время жизни сессии обновлено
2025-12-03 18:39:45 - INFO - Время жизни сессии обновлено
2025-12-03 18:40:43 - INFO - HTTP Request: GET https://accounts.google.com/.well-known/openid-configuration "HTTP/1.1 200 OK"
2025-12-03 18:40:44 - INFO - HTTP Request: POST https://oauth2.googleapis.com/token "HTTP/1.1 200 OK"
2025-12-03 18:40:45 - INFO - HTTP Request: GET https://www.googleapis.com/oauth2/v3/certs "HTTP/1.1 200 OK"
2025-12-03 18:40:45 - INFO - Пользователь, True
2025-12-03 18:40:45 - INFO - Сессия добавлена
2025-12-03 18:40:45 - INFO - Время жизни сессии обновлено
2025-12-03 19:09:31 - INFO - HTTP Request: GET https://accounts.google.com/.well-known/openid-configuration "HTTP/1.1 200 OK"
2025-12-03 19:09:32 - INFO - HTTP Request: POST https://oauth2.googleapis.com/token "HTTP/1.1 200 OK"
2025-12-03 19:09:33 - INFO - HTTP Request: GET https://www.googleapis.com/oauth2/v3/certs "HTTP/1.1 200 OK"
2025-12-03 19:09:33 - INFO - Пользователь, True
2025-12-03 19:09:33 - INFO - Время жизни сессии обновлено
2025-12-03 19:09:33 - ERROR - Ошибка получения данных пользователя: user_id
2025-12-03 19:10:48 - INFO - Время жизни сессии обновлено
2025-12-03 19:10:50 - INFO - Время жизни сессии обновлено
2025-12-03 19:10:52 - INFO - Время жизни сессии обновлено
2025-12-03 19:13:06 - INFO - Время жизни сессии обновлено
2025-12-03 19:13:07 - INFO - Время жизни сессии обновлено
2025-12-03 19:13:20 - INFO - Время жизни сессии обновлено
2025-12-03 19:14:30 - INFO - Время жизни сессии обновлено
2025-12-03 19:14:48 - INFO - Время жизни сессии обновлено
2025-12-03 19:14:49 - INFO - Время жизни сессии обновлено
2025-12-03 19:15:27 - INFO - Время жизни сессии обновлено
2025-12-03 19:15:36 - INFO - Время жизни сессии обновлено
2025-12-03 19:16:00 - INFO - Время жизни сессии обновлено
2025-12-03 19:20:03 - INFO - Время жизни сессии обновлено
2025-12-03 19:20:04 - INFO - Время жизни сессии обновлено
2025-12-03 19:20:56 - INFO - Время жизни сессии обновлено
2025-12-03 19:20:58 - INFO - Время жизни сессии обновлено
2025-12-03 19:21:28 - INFO - Время жизни сессии обновлено
2025-12-03 19:22:08 - INFO - Время жизни сессии обновлено
2025-12-03 19:22:32 - INFO - Время жизни сессии обновлено
2025-12-03 19:22:33 - INFO - Время жизни сессии обновлено
2025-12-03 19:22:34 - INFO - Время жизни сессии обновлено
2025-12-03 19:22:35 - INFO - Время жизни сессии обновлено
2025-12-03 19:57:34 - INFO - Время жизни сессии обновлено
2025-12-03 19:57:36 - INFO - Время жизни сессии обновлено
2025-12-03 19:57:37 - INFO - Время жизни сессии обновлено
2025-12-03 19:58:29 - INFO - Время жизни сессии обновлено
2025-12-03 19:58:55 - INFO - Время жизни сессии обновлено
2025-12-03 19:59:20 - INFO - Время жизни сессии обновлено
2025-12-03 20:00:44 - INFO - Время жизни сессии обновлено
2025-12-03 20:01:23 - INFO - Время жизни сессии обновлено
2025-12-03 20:02:12 - INFO - Время жизни сессии обновлено
2025-12-03 20:03:07 - INFO - Время жизни сессии обновлено
2025-12-03 20:03:08 - INFO - Время жизни сессии обновлено
2025-12-03 20:03:34 - INFO - Время жизни сессии обновлено
2025-12-03 20:03:36 - INFO - Время жизни сессии обновлено
2025-12-03 20:04:00 - INFO - Время жизни сессии обновлено
2025-12-03 20:04:02 - INFO - Время жизни сессии обновлено
2025-12-03 20:05:01 - INFO - Время жизни сессии обновлено
2025-12-03 20:05:07 - INFO - Время жизни сессии обновлено
2025-12-03 20:05:32 - INFO - Время жизни сессии обновлено
2025-12-03 20:05:33 - INFO - Время жизни сессии обновлено
2025-12-03 20:08:18 - INFO - Время жизни сессии обновлено
2025-12-03 20:08:21 - INFO - Время жизни сессии обновлено
2025-12-03 20:09:00 - INFO - Время жизни сессии обновлено
2025-12-03 20:09:16 - INFO - Время жизни сессии обновлено
2025-12-03 20:09:23 - INFO - Время жизни сессии обновлено
2025-12-03 20:09:51 - INFO - Время жизни сессии обновлено
2025-12-03 20:10:06 - INFO - Время жизни сессии обновлено
2025-12-03 20:10:47 - INFO - Время жизни сессии обновлено
2025-12-03 20:18:34 - INFO - Время жизни сессии обновлено
2025-12-03 20:26:45 - INFO - Время жизни сессии обновлено
2025-12-03 20:26:48 - INFO - Время жизни сессии обновлено
2025-12-03 20:26:49 - INFO - HTTP Request: POST https://www.google.com/recaptcha/api/siteverify "HTTP/1.1 200 OK"
2025-12-03 20:27:49 - INFO - Время жизни сессии обновлено
2025-12-03 20:27:55 - INFO - Время жизни сессии обновлено
2025-12-03 20:27:56 - INFO - Время жизни сессии обновлено
2025-12-03 20:27:57 - INFO - Время жизни сессии обновлено
2025-12-03 20:27:58 - INFO - HTTP Request: POST https://www.google.com/recaptcha/api/siteverify "HTTP/1.1 200 OK"
2025-12-03 20:28:12 - INFO - Время жизни сессии обновлено
2025-12-03 20:28:12 - INFO - HTTP Request: POST https://www.google.com/recaptcha/api/siteverify "HTTP/1.1 200 OK"
2025-12-03 20:28:28 - INFO - Время жизни сессии обновлено
2025-12-03 20:28:28 - INFO - HTTP Request: POST https://www.google.com/recaptcha/api/siteverify "HTTP/1.1 200 OK"
2025-12-03 20:28:56 - INFO - Время жизни сессии обновлено
2025-12-03 20:28:56 - INFO - HTTP Request: POST https://www.google.com/recaptcha/api/siteverify "HTTP/1.1 200 OK"
2025-12-03 20:28:59 - INFO - Время жизни сессии обновлено
2025-12-03 20:29:00 - INFO - Время жизни сессии обновлено
2025-12-03 20:29:01 - INFO - HTTP Request: POST https://www.google.com/recaptcha/api/siteverify "HTTP/1.1 200 OK"
2025-12-03 20:29:57 - INFO - Время жизни сессии обновлено
2025-12-03 20:29:58 - INFO - Время жизни сессии обновлено
2025-12-03 20:29:58 - INFO - HTTP Request: POST https://www.google.com/recaptcha/api/siteverify "HTTP/1.1 200 OK"
2025-12-03 20:30:27 - INFO - Время жизни сессии обновлено
2025-12-03 20:30:29 - INFO - Время жизни сессии обновлено
2025-12-03 20:30:30 - INFO - Время жизни сессии обновлено
2025-12-03 20:30:31 - INFO - HTTP Request: POST https://www.google.com/recaptcha/api/siteverify "HTTP/1.1 200 OK"
2025-12-03 20:30:38 - INFO - Время жизни сессии обновлено
2025-12-03 20:51:06 - INFO - Время жизни сессии обновлено
2025-12-03 20:51:10 - INFO - Время жизни сессии обновлено
2025-12-03 20:51:11 - INFO - Время жизни сессии обновлено
2025-12-03 20:53:00 - INFO - Время жизни сессии обновлено
2025-12-03 20:53:02 - INFO - Время жизни сессии обновлено
2025-12-03 20:53:03 - INFO - HTTP Request: POST https://www.google.com/recaptcha/api/siteverify "HTTP/1.1 200 OK"
2025-12-03 20:53:40 - INFO - Время жизни сессии обновлено
2025-12-03 20:53:42 - INFO - Время жизни сессии обновлено
2025-12-03 20:53:43 - INFO - HTTP Request: POST https://www.google.com/recaptcha/api/siteverify "HTTP/1.1 200 OK"
2025-12-03 20:53:47 - INFO - Время жизни сессии обновлено
2025-12-03 20:53:48 - INFO - HTTP Request: POST https://www.google.com/recaptcha/api/siteverify "HTTP/1.1 200 OK"
2025-12-03 20:54:13 - INFO - Время жизни сессии обновлено
2025-12-03 20:54:16 - INFO - Время жизни сессии обновлено
2025-12-03 20:54:16 - INFO - HTTP Request: POST https://www.google.com/recaptcha/api/siteverify "HTTP/1.1 200 OK"
2025-12-03 20:57:34 - INFO - Время жизни сессии обновлено
2025-12-03 20:57:37 - INFO - Время жизни сессии обновлено
2025-12-03 20:57:38 - INFO - HTTP Request: POST https://www.google.com/recaptcha/api/siteverify "HTTP/1.1 200 OK"
2025-12-03 21:04:59 - INFO - Время жизни сессии обновлено
2025-12-03 21:05:05 - INFO - Время жизни сессии обновлено
2025-12-03 21:05:06 - INFO - HTTP Request: POST https://www.google.com/recaptcha/api/siteverify "HTTP/1.1 200 OK"
2025-12-03 21:08:59 - INFO - Время жизни сессии обновлено
2025-12-03 21:09:03 - INFO - Время жизни сессии обновлено
2025-12-03 21:09:03 - INFO - HTTP Request: POST https://www.google.com/recaptcha/api/siteverify "HTTP/1.1 200 OK"
2025-12-03 21:11:21 - INFO - Время жизни сессии обновлено
2025-12-03 21:11:29 - INFO - Время жизни сессии обновлено
2025-12-03 21:11:29 - INFO - HTTP Request: POST https://www.google.com/recaptcha/api/siteverify "HTTP/1.1 200 OK"
2025-12-03 21:22:18 - INFO - HTTP Request: POST https://www.google.com/recaptcha/api/siteverify "HTTP/1.1 200 OK"
2025-12-04 06:47:27 - INFO - HTTP Request: GET https://accounts.google.com/.well-known/openid-configuration "HTTP/1.1 200 OK"
2025-12-04 06:48:24 - INFO - HTTP Request: POST https://oauth2.googleapis.com/token "HTTP/1.1 200 OK"
2025-12-04 06:48:24 - INFO - HTTP Request: GET https://www.googleapis.com/oauth2/v3/certs "HTTP/1.1 200 OK"
2025-12-04 06:48:24 - INFO - Пользователь, True
2025-12-04 06:48:24 - INFO - Время сессии вышло
2025-12-04 06:48:24 - INFO - Сессия добавлена
2025-12-04 06:48:24 - INFO - Время жизни сессии обновлено
2025-12-04 06:48:28 - INFO - Время жизни сессии обновлено
2025-12-04 06:48:29 - INFO - Время жизни сессии обновлено
2025-12-04 06:48:35 - INFO - Время жизни сессии обновлено
2025-12-04 06:48:36 - INFO - HTTP Request: POST https://www.google.com/recaptcha/api/siteverify "HTTP/1.1 200 OK"
2025-12-04 06:48:40 - INFO - Время жизни сессии обновлено
2025-12-04 06:48:41 - INFO - HTTP Request: POST https://www.google.com/recaptcha/api/siteverify "HTTP/1.1 200 OK"
2025-12-04 07:58:33 - INFO - HTTP Request: POST https://oauth2.googleapis.com/token "HTTP/1.1 200 OK"
2025-12-04 07:58:33 - INFO - Пользователь, True
2025-12-04 07:58:33 - INFO - Время сессии вышло
2025-12-04 07:58:33 - INFO - Сессия добавлена
2025-12-04 07:58:33 - INFO - Время жизни сессии обновлено
2025-12-04 07:58:36 - INFO - Время жизни сессии обновлено
2025-12-04 07:58:37 - INFO - HTTP Request: POST https://www.google.com/recaptcha/api/siteverify "HTTP/1.1 200 OK"
2025-12-04 07:58:40 - INFO - Время жизни сессии обновлено
2025-12-04 07:59:54 - INFO - Время жизни сессии обновлено
2025-12-04 07:59:56 - INFO - Время жизни сессии обновлено
2025-12-04 08:00:03 - INFO - HTTP Request: POST https://oauth2.googleapis.com/token "HTTP/1.1 200 OK"
2025-12-04 08:00:03 - INFO - Пользователь, True
2025-12-04 08:00:03 - INFO - Время жизни сессии обновлено
2025-12-04 08:00:06 - INFO - Время жизни сессии обновлено
2025-12-04 08:00:09 - INFO - Время жизни сессии обновлено
2025-12-04 08:02:12 - INFO - Время жизни сессии обновлено
2025-12-04 08:17:36 - INFO - Время жизни сессии обновлено
2025-12-04 08:17:37 - INFO - Время жизни сессии обновлено
2025-12-04 08:17:40 - INFO - Время жизни сессии обновлено
2025-12-04 08:17:43 - INFO - HTTP Request: POST https://www.google.com/recaptcha/api/siteverify "HTTP/1.1 200 OK"
2025-12-04 08:34:40 - INFO - HTTP Request: POST https://www.google.com/recaptcha/api/siteverify "HTTP/1.1 200 OK"
2025-12-04 08:42:57 - INFO - HTTP Request: POST https://www.google.com/recaptcha/api/siteverify "HTTP/1.1 200 OK"
